Server Address host:port (eg. localhost:10000)10.10.1.2:10000
Number of clients: 8
Do you want to load data? num_keys=1048576, value_size=4096
1) Yes
2) No
#? 
==============================
=== EXP3 READ TEST         ===
==============================

spawning client 1
spawning client 2
spawning client 3
spawning client 4
spawning client 5
spawning client 6
spawning client 7
spawning client 8
time="2020-02-17T00:45:02-06:00" level=info msg="trying to connect to server at 10.10.1.2:10000"
time="2020-02-17T00:45:02-06:00" level=info msg="trying to connect to server at 10.10.1.2:10000"
time="2020-02-17T00:45:02-06:00" level=info msg="trying to connect to server at 10.10.1.2:10000"
time="2020-02-17T00:45:02-06:00" level=info msg="connected to 10.10.1.2:10000"
time="2020-02-17T00:45:02-06:00" level=debug msg=getAveReadLatency
time="2020-02-17T00:45:02-06:00" level=info msg="connected to 10.10.1.2:10000"
time="2020-02-17T00:45:02-06:00" level=debug msg=getAveReadLatency
time="2020-02-17T00:45:02-06:00" level=info msg="trying to connect to server at 10.10.1.2:10000"
time="2020-02-17T00:45:02-06:00" level=info msg="connected to 10.10.1.2:10000"
time="2020-02-17T00:45:02-06:00" level=debug msg=getAveReadLatency
time="2020-02-17T00:45:02-06:00" level=info msg="trying to connect to server at 10.10.1.2:10000"
time="2020-02-17T00:45:02-06:00" level=info msg="trying to connect to server at 10.10.1.2:10000"
time="2020-02-17T00:45:02-06:00" level=info msg="connected to 10.10.1.2:10000"
time="2020-02-17T00:45:02-06:00" level=debug msg=getAveReadLatency
time="2020-02-17T00:45:02-06:00" level=info msg="trying to connect to server at 10.10.1.2:10000"
time="2020-02-17T00:45:02-06:00" level=info msg="connected to 10.10.1.2:10000"
time="2020-02-17T00:45:02-06:00" level=debug msg=getAveReadLatency
time="2020-02-17T00:45:02-06:00" level=info msg="trying to connect to server at 10.10.1.2:10000"
time="2020-02-17T00:45:02-06:00" level=info msg="connected to 10.10.1.2:10000"
time="2020-02-17T00:45:02-06:00" level=debug msg=getAveReadLatency
time="2020-02-17T00:45:02-06:00" level=info msg="connected to 10.10.1.2:10000"
time="2020-02-17T00:45:02-06:00" level=debug msg=getAveReadLatency
time="2020-02-17T00:45:02-06:00" level=info msg="connected to 10.10.1.2:10000"
time="2020-02-17T00:45:02-06:00" level=debug msg=getAveReadLatency
time="2020-02-17T00:45:12-06:00" level=debug msg="latency 208.816µs, throughput(ops/sec) 4788.89958418265"
time="2020-02-17T00:45:12-06:00" level=debug msg="latency 208.736µs, throughput(ops/sec) 4790.734411554657"
time="2020-02-17T00:45:12-06:00" level=debug msg="latency 208.72µs, throughput(ops/sec) 4791.104975363787"
time="2020-02-17T00:45:12-06:00" level=debug msg="latency 208.725µs, throughput(ops/sec) 4790.992295982666"
time="2020-02-17T00:45:12-06:00" level=debug msg="latency 208.696µs, throughput(ops/sec) 4791.652144926592"
time="2020-02-17T00:45:12-06:00" level=debug msg="latency 208.681µs, throughput(ops/sec) 4791.996790977978"
time="2020-02-17T00:45:12-06:00" level=debug msg="latency 208.871µs, throughput(ops/sec) 4787.641525461717"
time="2020-02-17T00:45:12-06:00" level=debug msg="latency 208.738µs, throughput(ops/sec) 4790.67438647608"
time="2020-02-17T00:45:22-06:00" level=debug msg="latency 206.176µs, throughput(ops/sec) 4850.203829714307"
time="2020-02-17T00:45:22-06:00" level=debug msg="latency 206.185µs, throughput(ops/sec) 4850.008122258188"
time="2020-02-17T00:45:22-06:00" level=debug msg="latency 206.237µs, throughput(ops/sec) 4848.779941331611"
time="2020-02-17T00:45:22-06:00" level=debug msg="latency 206.219µs, throughput(ops/sec) 4849.192926550182"
time="2020-02-17T00:45:22-06:00" level=debug msg="latency 206.153µs, throughput(ops/sec) 4850.761923433472"
time="2020-02-17T00:45:22-06:00" level=debug msg="latency 206.199µs, throughput(ops/sec) 4849.670695791263"
time="2020-02-17T00:45:22-06:00" level=debug msg="latency 206.165µs, throughput(ops/sec) 4850.474354261312"
time="2020-02-17T00:45:22-06:00" level=debug msg="latency 206.137µs, throughput(ops/sec) 4851.132720028073"
time="2020-02-17T00:45:32-06:00" level=debug msg="latency 205.161µs, throughput(ops/sec) 4874.198468135214"
time="2020-02-17T00:45:32-06:00" level=debug msg="latency 205.186µs, throughput(ops/sec) 4873.603388314641"
time="2020-02-17T00:45:32-06:00" level=debug msg="latency 205.188µs, throughput(ops/sec) 4873.566343384598"
time="2020-02-17T00:45:32-06:00" level=debug msg="latency 205.204µs, throughput(ops/sec) 4873.185237558158"
time="2020-02-17T00:45:32-06:00" level=debug msg="latency 205.151µs, throughput(ops/sec) 4874.442230351898"
time="2020-02-17T00:45:32-06:00" level=debug msg="latency 205.151µs, throughput(ops/sec) 4874.446728474444"
time="2020-02-17T00:45:32-06:00" level=debug msg="latency 205.162µs, throughput(ops/sec) 4874.184976553626"
time="2020-02-17T00:45:32-06:00" level=debug msg="latency 205.148µs, throughput(ops/sec) 4874.5220371480455"
time="2020-02-17T00:45:42-06:00" level=debug msg="latency 204.613µs, throughput(ops/sec) 4887.259605776584"
time="2020-02-17T00:45:42-06:00" level=debug msg="latency 204.642µs, throughput(ops/sec) 4886.56026572595"
time="2020-02-17T00:45:42-06:00" level=debug msg="latency 204.63µs, throughput(ops/sec) 4886.854136556242"
time="2020-02-17T00:45:42-06:00" level=debug msg="latency 204.667µs, throughput(ops/sec) 4885.976022533294"
time="2020-02-17T00:45:42-06:00" level=debug msg="latency 204.605µs, throughput(ops/sec) 4887.4475095806665"
time="2020-02-17T00:45:42-06:00" level=debug msg="latency 204.598µs, throughput(ops/sec) 4887.613059415324"
time="2020-02-17T00:45:42-06:00" level=debug msg="latency 204.611µs, throughput(ops/sec) 4887.308019832837"
time="2020-02-17T00:45:42-06:00" level=debug msg="latency 204.577µs, throughput(ops/sec) 4888.1222173931"
time="2020-02-17T00:45:52-06:00" level=debug msg="latency 204.731µs, throughput(ops/sec) 4884.450368898567"
time="2020-02-17T00:45:52-06:00" level=debug msg="latency 204.746µs, throughput(ops/sec) 4884.088440690259"
time="2020-02-17T00:45:52-06:00" level=debug msg="latency 204.737µs, throughput(ops/sec) 4884.304493877654"
time="2020-02-17T00:45:52-06:00" level=debug msg="latency 204.76µs, throughput(ops/sec) 4883.755219262306"
time="2020-02-17T00:45:52-06:00" level=debug msg="latency 204.769µs, throughput(ops/sec) 4883.5363021741605"
time="2020-02-17T00:45:52-06:00" level=debug msg="latency 204.749µs, throughput(ops/sec) 4884.024511970125"
time="2020-02-17T00:45:52-06:00" level=debug msg="latency 204.968µs, throughput(ops/sec) 4878.789404669115"
time="2020-02-17T00:45:52-06:00" level=debug msg="latency 204.717µs, throughput(ops/sec) 4884.787389587809"
time="2020-02-17T00:46:02-06:00" level=debug msg="latency 204.333µs, throughput(ops/sec) 4893.964278944295"
time="2020-02-17T00:46:02-06:00" level=debug msg="latency 204.334µs, throughput(ops/sec) 4893.936944458914"
time="2020-02-17T00:46:02-06:00" level=debug msg="latency 204.33µs, throughput(ops/sec) 4894.034025464832"
time="2020-02-17T00:46:02-06:00" level=debug msg="latency 204.356µs, throughput(ops/sec) 4893.403378232293"
time="2020-02-17T00:46:02-06:00" level=debug msg="latency 204.297µs, throughput(ops/sec) 4894.818109659266"
time="2020-02-17T00:46:02-06:00" level=debug msg="latency 204.315µs, throughput(ops/sec) 4894.400595364816"
time="2020-02-17T00:46:02-06:00" level=debug msg="latency 204.764µs, throughput(ops/sec) 4883.661134173517"
time="2020-02-17T00:46:02-06:00" level=debug msg="latency 204.29µs, throughput(ops/sec) 4894.992698046031"
time="2020-02-17T00:46:12-06:00" level=debug msg="latency 204.074µs, throughput(ops/sec) 4900.1704739986035"
time="2020-02-17T00:46:12-06:00" level=debug msg="latency 204.07µs, throughput(ops/sec) 4900.275606859538"
time="2020-02-17T00:46:12-06:00" level=debug msg="latency 204.074µs, throughput(ops/sec) 4900.1722233849505"
time="2020-02-17T00:46:12-06:00" level=debug msg="latency 204.064µs, throughput(ops/sec) 4900.409357082456"
time="2020-02-17T00:46:12-06:00" level=debug msg="latency 204.057µs, throughput(ops/sec) 4900.588472091405"
time="2020-02-17T00:46:12-06:00" level=debug msg="latency 204.047µs, throughput(ops/sec) 4900.820978983233"
time="2020-02-17T00:46:12-06:00" level=debug msg="latency 204.567µs, throughput(ops/sec) 4888.351605461599"
time="2020-02-17T00:46:12-06:00" level=debug msg="latency 204.076µs, throughput(ops/sec) 4900.115747498814"
time="2020-02-17T00:46:22-06:00" level=debug msg="latency 203.628µs, throughput(ops/sec) 4910.893464603397"
time="2020-02-17T00:46:22-06:00" level=debug msg="latency 203.627µs, throughput(ops/sec) 4910.930699902407"
time="2020-02-17T00:46:22-06:00" level=debug msg="latency 203.655µs, throughput(ops/sec) 4910.252970889629"
time="2020-02-17T00:46:22-06:00" level=debug msg="latency 203.619µs, throughput(ops/sec) 4911.127252703714"
time="2020-02-17T00:46:22-06:00" level=debug msg="latency 203.599µs, throughput(ops/sec) 4911.593788221306"
time="2020-02-17T00:46:22-06:00" level=debug msg="latency 203.619µs, throughput(ops/sec) 4911.118641173446"
time="2020-02-17T00:46:22-06:00" level=debug msg="latency 204.268µs, throughput(ops/sec) 4895.519294586222"
time="2020-02-17T00:46:22-06:00" level=debug msg="latency 203.596µs, throughput(ops/sec) 4911.675455865333"
time="2020-02-17T00:46:32-06:00" level=debug msg="latency 203.289µs, throughput(ops/sec) 4919.0835353347"
time="2020-02-17T00:46:32-06:00" level=debug msg="latency 203.282µs, throughput(ops/sec) 4919.256357801276"
time="2020-02-17T00:46:32-06:00" level=debug msg="latency 203.316µs, throughput(ops/sec) 4918.43618122913"
time="2020-02-17T00:46:32-06:00" level=debug msg="latency 203.276µs, throughput(ops/sec) 4919.408360161951"
time="2020-02-17T00:46:32-06:00" level=debug msg="latency 203.267µs, throughput(ops/sec) 4919.626547590954"
time="2020-02-17T00:46:32-06:00" level=debug msg="latency 203.259µs, throughput(ops/sec) 4919.822673791935"
time="2020-02-17T00:46:32-06:00" level=debug msg="latency 203.97µs, throughput(ops/sec) 4902.658501529819"
time="2020-02-17T00:46:32-06:00" level=debug msg="latency 203.277µs, throughput(ops/sec) 4919.3825472627905"
time="2020-02-17T00:46:42-06:00" level=debug msg="latency 203.145µs, throughput(ops/sec) 4922.57705415372"
time="2020-02-17T00:46:42-06:00" level=debug msg="latency 203.149µs, throughput(ops/sec) 4922.4934496511805"
time="2020-02-17T00:46:42-06:00" level=debug msg="latency 203.158µs, throughput(ops/sec) 4922.257281410113"
time="2020-02-17T00:46:42-06:00" level=debug msg="latency 203.131µs, throughput(ops/sec) 4922.92349018575"
time="2020-02-17T00:46:42-06:00" level=debug msg="latency 203.121µs, throughput(ops/sec) 4923.160137386928"
time="2020-02-17T00:46:42-06:00" level=debug msg="latency 203.114µs, throughput(ops/sec) 4923.343338910814"
time="2020-02-17T00:46:42-06:00" level=debug msg="latency 203.873µs, throughput(ops/sec) 4905.001073741388"
time="2020-02-17T00:46:42-06:00" level=debug msg="latency 203.123µs, throughput(ops/sec) 4923.119387178482"
time="2020-02-17T00:46:52-06:00" level=debug msg="latency 202.873µs, throughput(ops/sec) 4929.18731017896"
time="2020-02-17T00:46:52-06:00" level=debug msg="latency 202.872µs, throughput(ops/sec) 4929.211006477125"
time="2020-02-17T00:46:52-06:00" level=debug msg="latency 202.866µs, throughput(ops/sec) 4929.350961794768"
time="2020-02-17T00:46:52-06:00" level=debug msg="latency 202.86µs, throughput(ops/sec) 4929.49475938361"
time="2020-02-17T00:46:52-06:00" level=debug msg="latency 202.846µs, throughput(ops/sec) 4929.824738555039"
time="2020-02-17T00:46:52-06:00" level=debug msg="latency 202.878µs, throughput(ops/sec) 4929.0499804608135"
time="2020-02-17T00:46:52-06:00" level=debug msg="latency 203.686µs, throughput(ops/sec) 4909.504187218779"
time="2020-02-17T00:46:52-06:00" level=debug msg="latency 202.845µs, throughput(ops/sec) 4929.857337301875"
time="2020-02-17T00:47:02-06:00" level=debug msg="latency 202.652µs, throughput(ops/sec) 4934.56338749119"
time="2020-02-17T00:47:02-06:00" level=debug msg="latency 202.639µs, throughput(ops/sec) 4934.8646274144"
time="2020-02-17T00:47:02-06:00" level=debug msg="latency 202.644µs, throughput(ops/sec) 4934.760119601062"
time="2020-02-17T00:47:02-06:00" level=debug msg="latency 202.631µs, throughput(ops/sec) 4935.0623018665365"
time="2020-02-17T00:47:02-06:00" level=debug msg="latency 202.638µs, throughput(ops/sec) 4934.898371707602"
time="2020-02-17T00:47:02-06:00" level=debug msg="latency 202.614µs, throughput(ops/sec) 4935.475780567807"
time="2020-02-17T00:47:02-06:00" level=debug msg="latency 203.496µs, throughput(ops/sec) 4914.093960895632"
time="2020-02-17T00:47:02-06:00" level=debug msg="latency 202.616µs, throughput(ops/sec) 4935.428161461588"
time="2020-02-17T00:47:12-06:00" level=debug msg="latency 202.565µs, throughput(ops/sec) 4936.668038512853"
time="2020-02-17T00:47:12-06:00" level=debug msg="latency 202.559µs, throughput(ops/sec) 4936.821013536173"
time="2020-02-17T00:47:12-06:00" level=debug msg="latency 202.548µs, throughput(ops/sec) 4937.100376200249"
time="2020-02-17T00:47:12-06:00" level=debug msg="latency 202.541µs, throughput(ops/sec) 4937.258268388729"
time="2020-02-17T00:47:12-06:00" level=debug msg="latency 202.541µs, throughput(ops/sec) 4937.260270214265"
time="2020-02-17T00:47:12-06:00" level=debug msg="latency 202.529µs, throughput(ops/sec) 4937.554499532931"
time="2020-02-17T00:47:12-06:00" level=debug msg="latency 203.418µs, throughput(ops/sec) 4915.983858071601"
time="2020-02-17T00:47:12-06:00" level=debug msg="latency 202.53µs, throughput(ops/sec) 4937.5178871337275"
time="2020-02-17T00:47:22-06:00" level=debug msg="latency 202.487µs, throughput(ops/sec) 4938.586556740681"
time="2020-02-17T00:47:22-06:00" level=debug msg="latency 202.501µs, throughput(ops/sec) 4938.245370850271"
time="2020-02-17T00:47:22-06:00" level=debug msg="latency 202.494µs, throughput(ops/sec) 4938.401139428188"
time="2020-02-17T00:47:22-06:00" level=debug msg="latency 202.482µs, throughput(ops/sec) 4938.709943125925"
time="2020-02-17T00:47:22-06:00" level=debug msg="latency 202.469µs, throughput(ops/sec) 4939.019966936276"
time="2020-02-17T00:47:22-06:00" level=debug msg="latency 202.488µs, throughput(ops/sec) 4938.5595902177465"
time="2020-02-17T00:47:22-06:00" level=debug msg="latency 203.409µs, throughput(ops/sec) 4916.1792541734385"
time="2020-02-17T00:47:22-06:00" level=debug msg="latency 202.464µs, throughput(ops/sec) 4939.138637612764"
time="2020-02-17T00:47:32-06:00" level=debug msg="latency 202.419µs, throughput(ops/sec) 4940.246795132739"
time="2020-02-17T00:47:32-06:00" level=debug msg="latency 202.398µs, throughput(ops/sec) 4940.739614382303"
time="2020-02-17T00:47:32-06:00" level=debug msg="latency 202.407µs, throughput(ops/sec) 4940.539562741504"
time="2020-02-17T00:47:32-06:00" level=debug msg="latency 202.384µs, throughput(ops/sec) 4941.097632914041"
time="2020-02-17T00:47:32-06:00" level=debug msg="latency 202.391µs, throughput(ops/sec) 4940.91111287547"
time="2020-02-17T00:47:32-06:00" level=debug msg="latency 202.377µs, throughput(ops/sec) 4941.268279348608"
time="2020-02-17T00:47:32-06:00" level=debug msg="latency 203.356µs, throughput(ops/sec) 4917.483441978407"
time="2020-02-17T00:47:32-06:00" level=debug msg="latency 202.381µs, throughput(ops/sec) 4941.174336984348"
time="2020-02-17T00:47:42-06:00" level=debug msg="latency 202.389µs, throughput(ops/sec) 4940.955594429263"
time="2020-02-17T00:47:42-06:00" level=debug msg="latency 202.375µs, throughput(ops/sec) 4941.304138048796"
time="2020-02-17T00:47:42-06:00" level=debug msg="latency 202.387µs, throughput(ops/sec) 4941.028251095175"
time="2020-02-17T00:47:42-06:00" level=debug msg="latency 202.356µs, throughput(ops/sec) 4941.767410613103"
time="2020-02-17T00:47:42-06:00" level=debug msg="latency 202.378µs, throughput(ops/sec) 4941.247024081042"
time="2020-02-17T00:47:42-06:00" level=debug msg="latency 202.353µs, throughput(ops/sec) 4941.838594135631"
time="2020-02-17T00:47:42-06:00" level=debug msg="latency 203.405µs, throughput(ops/sec) 4916.283460655758"
time="2020-02-17T00:47:42-06:00" level=debug msg="latency 202.357µs, throughput(ops/sec) 4941.760226051403"
time="2020-02-17T00:47:52-06:00" level=debug msg="latency 201.937µs, throughput(ops/sec) 4952.037240743631"
time="2020-02-17T00:47:52-06:00" level=debug msg="latency 201.92µs, throughput(ops/sec) 4952.4341736308725"
time="2020-02-17T00:47:52-06:00" level=debug msg="latency 201.925µs, throughput(ops/sec) 4952.326032264063"
time="2020-02-17T00:47:52-06:00" level=debug msg="latency 201.908µs, throughput(ops/sec) 4952.742342727932"
time="2020-02-17T00:47:52-06:00" level=debug msg="latency 201.908µs, throughput(ops/sec) 4952.730207321906"
time="2020-02-17T00:47:52-06:00" level=debug msg="latency 201.897µs, throughput(ops/sec) 4953.011953951837"
time="2020-02-17T00:47:52-06:00" level=debug msg="latency 202.893µs, throughput(ops/sec) 4928.684278183181"
time="2020-02-17T00:47:52-06:00" level=debug msg="latency 201.901µs, throughput(ops/sec) 4952.909040466498"
time="2020-02-17T00:48:02-06:00" level=debug msg="latency 203.197µs, throughput(ops/sec) 4921.310023717178"
time="2020-02-17T00:48:02-06:00" level=info msg="latency 203.197µs, throughput(ops/sec) 4921.309797729657"
time="2020-02-17T00:48:02-06:00" level=info msg="latency 203.175µs, throughput(ops/sec) 4921.8444470663835"
time="2020-02-17T00:48:02-06:00" level=debug msg="latency 203.184µs, throughput(ops/sec) 4921.639601540579"
time="2020-02-17T00:48:02-06:00" level=info msg="latency 203.184µs, throughput(ops/sec) 4921.634058174994"
time="2020-02-17T00:48:02-06:00" level=debug msg="latency 203.155µs, throughput(ops/sec) 4922.335814939157"
time="2020-02-17T00:48:02-06:00" level=info msg="latency 203.155µs, throughput(ops/sec) 4922.336130904127"
time="2020-02-17T00:48:02-06:00" level=debug msg="latency 203.165µs, throughput(ops/sec) 4922.099671358864"
time="2020-02-17T00:48:02-06:00" level=info msg="latency 203.165µs, throughput(ops/sec) 4922.097797792789"
time="2020-02-17T00:48:02-06:00" level=debug msg="latency 203.157µs, throughput(ops/sec) 4922.299380488654"
time="2020-02-17T00:48:02-06:00" level=info msg="latency 203.157µs, throughput(ops/sec) 4922.299598746585"
time="2020-02-17T00:48:02-06:00" level=debug msg="latency 204.198µs, throughput(ops/sec) 4897.196686959841"
time="2020-02-17T00:48:02-06:00" level=info msg="latency 204.198µs, throughput(ops/sec) 4897.19574945689"
time="2020-02-17T00:48:02-06:00" level=debug msg="latency 203.182µs, throughput(ops/sec) 4921.692066058598"
time="2020-02-17T00:48:02-06:00" level=info msg="latency 203.182µs, throughput(ops/sec) 4921.693139421034"

=== DONE EXP3 READ TEST    ===


==============================
=== EXP3 READ/WRITE TEST   ===
==============================

spawning client 1
spawning client 2
spawning client 3
spawning client 4
spawning client 5
spawning client 6
spawning client 7
spawning client 8
time="2020-02-17T00:48:03-06:00" level=info msg="trying to connect to server at 10.10.1.2:10000"
time="2020-02-17T00:48:03-06:00" level=info msg="trying to connect to server at 10.10.1.2:10000"
time="2020-02-17T00:48:03-06:00" level=info msg="trying to connect to server at 10.10.1.2:10000"
time="2020-02-17T00:48:03-06:00" level=info msg="connected to 10.10.1.2:10000"
time="2020-02-17T00:48:03-06:00" level=debug msg=getAveRWLatency
time="2020-02-17T00:48:03-06:00" level=info msg="connected to 10.10.1.2:10000"
time="2020-02-17T00:48:03-06:00" level=debug msg=getAveRWLatency
time="2020-02-17T00:48:03-06:00" level=info msg="connected to 10.10.1.2:10000"
time="2020-02-17T00:48:03-06:00" level=debug msg=getAveRWLatency
time="2020-02-17T00:48:03-06:00" level=info msg="trying to connect to server at 10.10.1.2:10000"
time="2020-02-17T00:48:03-06:00" level=info msg="trying to connect to server at 10.10.1.2:10000"
time="2020-02-17T00:48:03-06:00" level=info msg="trying to connect to server at 10.10.1.2:10000"
time="2020-02-17T00:48:03-06:00" level=info msg="connected to 10.10.1.2:10000"
time="2020-02-17T00:48:03-06:00" level=debug msg=getAveRWLatency
time="2020-02-17T00:48:03-06:00" level=info msg="connected to 10.10.1.2:10000"
time="2020-02-17T00:48:03-06:00" level=debug msg=getAveRWLatency
time="2020-02-17T00:48:03-06:00" level=info msg="connected to 10.10.1.2:10000"
time="2020-02-17T00:48:03-06:00" level=debug msg=getAveRWLatency
time="2020-02-17T00:48:03-06:00" level=info msg="trying to connect to server at 10.10.1.2:10000"
time="2020-02-17T00:48:03-06:00" level=info msg="trying to connect to server at 10.10.1.2:10000"
time="2020-02-17T00:48:03-06:00" level=info msg="connected to 10.10.1.2:10000"
time="2020-02-17T00:48:03-06:00" level=debug msg=getAveRWLatency
time="2020-02-17T00:48:03-06:00" level=info msg="connected to 10.10.1.2:10000"
time="2020-02-17T00:48:03-06:00" level=debug msg=getAveRWLatency
time="2020-02-17T00:48:13-06:00" level=debug msg="readLatency 429.343µs, writeLatency 36.473326ms, throughput(ops/sec) 52.71425090569414"
time="2020-02-17T00:48:13-06:00" level=debug msg="readLatency 450.12µs, writeLatency 36.447681ms, throughput(ops/sec) 52.72287187289286"
time="2020-02-17T00:48:13-06:00" level=debug msg="readLatency 432.474µs, writeLatency 36.418489ms, throughput(ops/sec) 52.78851477029695"
time="2020-02-17T00:48:13-06:00" level=debug msg="readLatency 450.593µs, writeLatency 36.311477ms, throughput(ops/sec) 52.92323373837815"
time="2020-02-17T00:48:13-06:00" level=debug msg="readLatency 450.298µs, writeLatency 36.410464ms, throughput(ops/sec) 52.77590020450126"
time="2020-02-17T00:48:13-06:00" level=debug msg="readLatency 470.956µs, writeLatency 36.407766ms, throughput(ops/sec) 52.751836358553135"
time="2020-02-17T00:48:13-06:00" level=debug msg="readLatency 448.709µs, writeLatency 36.4252ms, throughput(ops/sec) 52.756943878370535"
time="2020-02-17T00:48:13-06:00" level=debug msg="readLatency 435.471µs, writeLatency 36.443985ms, throughput(ops/sec) 52.74794237361325"
time="2020-02-17T00:48:23-06:00" level=debug msg="readLatency 444.098µs, writeLatency 36.500656ms, throughput(ops/sec) 53.543305838516616"
time="2020-02-17T00:48:23-06:00" level=debug msg="readLatency 427.586µs, writeLatency 36.519293ms, throughput(ops/sec) 53.539689187496016"
time="2020-02-17T00:48:23-06:00" level=debug msg="readLatency 435.265µs, writeLatency 36.467848ms, throughput(ops/sec) 53.603452116243375"
time="2020-02-17T00:48:23-06:00" level=debug msg="readLatency 447.588µs, writeLatency 36.297618ms, throughput(ops/sec) 53.788291042530666"
time="2020-02-17T00:48:23-06:00" level=debug msg="readLatency 448.316µs, writeLatency 36.488452ms, throughput(ops/sec) 53.55502108400122"
time="2020-02-17T00:48:23-06:00" level=debug msg="readLatency 446.998µs, writeLatency 36.470642ms, throughput(ops/sec) 53.58273577707584"
time="2020-02-17T00:48:23-06:00" level=debug msg="readLatency 446.764µs, writeLatency 36.482814ms, throughput(ops/sec) 53.565401325875584"
time="2020-02-17T00:48:23-06:00" level=debug msg="readLatency 433.492µs, writeLatency 36.49778ms, throughput(ops/sec) 53.562512732055616"
time="2020-02-17T00:48:33-06:00" level=debug msg="readLatency 437.736µs, writeLatency 36.555981ms, throughput(ops/sec) 54.32646417681022"
time="2020-02-17T00:48:33-06:00" level=debug msg="readLatency 417.764µs, writeLatency 36.578668ms, throughput(ops/sec) 54.322769196853784"
time="2020-02-17T00:48:33-06:00" level=debug msg="readLatency 425.617µs, writeLatency 36.529345ms, throughput(ops/sec) 54.383606460033974"
time="2020-02-17T00:48:33-06:00" level=debug msg="readLatency 440.488µs, writeLatency 36.517577ms, throughput(ops/sec) 54.378494297229025"
time="2020-02-17T00:48:33-06:00" level=debug msg="readLatency 430.486µs, writeLatency 36.560475ms, throughput(ops/sec) 54.330615883300204"
time="2020-02-17T00:48:33-06:00" level=debug msg="readLatency 439.963µs, writeLatency 36.532191ms, throughput(ops/sec) 54.3581108186315"
time="2020-02-17T00:48:33-06:00" level=debug msg="readLatency 435.255µs, writeLatency 36.548708ms, throughput(ops/sec) 54.340824275559335"
time="2020-02-17T00:48:33-06:00" level=debug msg="readLatency 429.914µs, writeLatency 36.557315ms, throughput(ops/sec) 54.33610529362123"
time="2020-02-17T00:48:43-06:00" level=debug msg="readLatency 434.213µs, writeLatency 36.542463ms, throughput(ops/sec) 54.53232330948562"
time="2020-02-17T00:48:43-06:00" level=debug msg="readLatency 413.779µs, writeLatency 36.528788ms, throughput(ops/sec) 54.582755008091155"
time="2020-02-17T00:48:43-06:00" level=debug msg="readLatency 421.454µs, writeLatency 36.514314ms, throughput(ops/sec) 54.59302463674497"
time="2020-02-17T00:48:43-06:00" level=debug msg="readLatency 433.686µs, writeLatency 36.482868ms, throughput(ops/sec) 54.644965786927514"
time="2020-02-17T00:48:43-06:00" level=debug msg="readLatency 434.262µs, writeLatency 36.519692ms, throughput(ops/sec) 54.56584596713702"
time="2020-02-17T00:48:43-06:00" level=debug msg="readLatency 431.791µs, writeLatency 36.542737ms, throughput(ops/sec) 54.53555074286587"
time="2020-02-17T00:48:43-06:00" level=debug msg="readLatency 428.351µs, writeLatency 36.508137ms, throughput(ops/sec) 54.591374092179315"
time="2020-02-17T00:48:43-06:00" level=debug msg="readLatency 424.556µs, writeLatency 36.51109ms, throughput(ops/sec) 54.59271389729584"
time="2020-02-17T00:48:53-06:00" level=debug msg="readLatency 427.886µs, writeLatency 36.319113ms, throughput(ops/sec) 54.66297527594628"
time="2020-02-17T00:48:53-06:00" level=debug msg="readLatency 413.042µs, writeLatency 36.360884ms, throughput(ops/sec) 54.64306979948655"
time="2020-02-17T00:48:53-06:00" level=debug msg="readLatency 419.222µs, writeLatency 36.313005ms, throughput(ops/sec) 54.70500600291823"
time="2020-02-17T00:48:53-06:00" level=debug msg="readLatency 430.841µs, writeLatency 36.297804ms, throughput(ops/sec) 54.70979192639755"
time="2020-02-17T00:48:53-06:00" level=debug msg="readLatency 428.086µs, writeLatency 36.32319ms, throughput(ops/sec) 54.67652726913913"
time="2020-02-17T00:48:53-06:00" level=debug msg="readLatency 426.904µs, writeLatency 36.290767ms, throughput(ops/sec) 54.72619764162306"
time="2020-02-17T00:48:53-06:00" level=debug msg="readLatency 421.801µs, writeLatency 36.321368ms, throughput(ops/sec) 54.66875317749325"
time="2020-02-17T00:48:53-06:00" level=debug msg="readLatency 424.548µs, writeLatency 36.343898ms, throughput(ops/sec) 54.65104828177493"
time="2020-02-17T00:49:03-06:00" level=debug msg="readLatency 423.978µs, writeLatency 35.975744ms, throughput(ops/sec) 55.932153419420594"
time="2020-02-17T00:49:03-06:00" level=debug msg="readLatency 411.793µs, writeLatency 35.989164ms, throughput(ops/sec) 55.93094454649299"
time="2020-02-17T00:49:03-06:00" level=debug msg="readLatency 417.245µs, writeLatency 35.988142ms, throughput(ops/sec) 55.925043946762926"
time="2020-02-17T00:49:03-06:00" level=debug msg="readLatency 424.741µs, writeLatency 35.983809ms, throughput(ops/sec) 55.91855402197155"
time="2020-02-17T00:49:03-06:00" level=debug msg="readLatency 426.094µs, writeLatency 35.997667ms, throughput(ops/sec) 55.89634534737551"
time="2020-02-17T00:49:03-06:00" level=debug msg="readLatency 424.271µs, writeLatency 35.954484ms, throughput(ops/sec) 55.96375557501856"
time="2020-02-17T00:49:03-06:00" level=debug msg="readLatency 420.062µs, writeLatency 35.978221ms, throughput(ops/sec) 55.934583893267856"
time="2020-02-17T00:49:03-06:00" level=debug msg="readLatency 421.452µs, writeLatency 35.974719ms, throughput(ops/sec) 55.93775071063707"
time="2020-02-17T00:49:13-06:00" level=debug msg="readLatency 422.919µs, writeLatency 35.916055ms, throughput(ops/sec) 55.925399604172725"
time="2020-02-17T00:49:13-06:00" level=debug msg="readLatency 410.443µs, writeLatency 35.928744ms, throughput(ops/sec) 55.925707938116204"
time="2020-02-17T00:49:13-06:00" level=debug msg="readLatency 414.332µs, writeLatency 35.924963ms, throughput(ops/sec) 55.89805105967579"
time="2020-02-17T00:49:13-06:00" level=debug msg="readLatency 421.829µs, writeLatency 35.92056ms, throughput(ops/sec) 55.93382112211982"
time="2020-02-17T00:49:13-06:00" level=debug msg="readLatency 422.074µs, writeLatency 35.932328ms, throughput(ops/sec) 55.902186147655875"
time="2020-02-17T00:49:13-06:00" level=debug msg="readLatency 421.399µs, writeLatency 35.897248ms, throughput(ops/sec) 55.955835405343585"
time="2020-02-17T00:49:13-06:00" level=debug msg="readLatency 416.112µs, writeLatency 35.918144ms, throughput(ops/sec) 55.946632370847425"
time="2020-02-17T00:49:13-06:00" level=debug msg="readLatency 418.413µs, writeLatency 35.913132ms, throughput(ops/sec) 55.95068551016501"
time="2020-02-17T00:49:23-06:00" level=debug msg="readLatency 420.407µs, writeLatency 35.502613ms, throughput(ops/sec) 56.71026093746624"
time="2020-02-17T00:49:23-06:00" level=debug msg="readLatency 410.969µs, writeLatency 35.511699ms, throughput(ops/sec) 56.71138322781672"
time="2020-02-17T00:49:23-06:00" level=debug msg="readLatency 414.783µs, writeLatency 35.504308ms, throughput(ops/sec) 56.717739450639726"
time="2020-02-17T00:49:23-06:00" level=debug msg="readLatency 422.984µs, writeLatency 35.506335ms, throughput(ops/sec) 56.70016689540257"
time="2020-02-17T00:49:23-06:00" level=debug msg="readLatency 421.283µs, writeLatency 35.499367ms, throughput(ops/sec) 56.714417203287645"
time="2020-02-17T00:49:23-06:00" level=debug msg="readLatency 424.065µs, writeLatency 35.470327ms, throughput(ops/sec) 56.729671597766554"
time="2020-02-17T00:49:23-06:00" level=debug msg="readLatency 415.788µs, writeLatency 35.505699ms, throughput(ops/sec) 56.71295643144729"
time="2020-02-17T00:49:23-06:00" level=debug msg="readLatency 417.386µs, writeLatency 35.499943ms, throughput(ops/sec) 56.719422262205484"
time="2020-02-17T00:49:33-06:00" level=debug msg="readLatency 418.356µs, writeLatency 34.12025ms, throughput(ops/sec) 58.94683317470857"
time="2020-02-17T00:49:33-06:00" level=debug msg="readLatency 409.553µs, writeLatency 34.128737ms, throughput(ops/sec) 58.947926656718664"
time="2020-02-17T00:49:33-06:00" level=debug msg="readLatency 413.128µs, writeLatency 34.130895ms, throughput(ops/sec) 58.91720758674254"
time="2020-02-17T00:49:33-06:00" level=debug msg="readLatency 419.675µs, writeLatency 34.124062ms, throughput(ops/sec) 58.94894617803036"
time="2020-02-17T00:49:33-06:00" level=debug msg="readLatency 422.079µs, writeLatency 34.068831ms, throughput(ops/sec) 59.103071731199094"
time="2020-02-17T00:49:33-06:00" level=debug msg="readLatency 419.109µs, writeLatency 34.10165ms, throughput(ops/sec) 58.988202162341175"
time="2020-02-17T00:49:33-06:00" level=debug msg="readLatency 413.999µs, writeLatency 34.123758ms, throughput(ops/sec) 58.959508513264915"
time="2020-02-17T00:49:33-06:00" level=debug msg="readLatency 416.783µs, writeLatency 34.144979ms, throughput(ops/sec) 58.897311281906546"
time="2020-02-17T00:49:43-06:00" level=debug msg="readLatency 417.786µs, writeLatency 33.914756ms, throughput(ops/sec) 59.289022085602994"
time="2020-02-17T00:49:43-06:00" level=debug msg="readLatency 409.807µs, writeLatency 33.923642ms, throughput(ops/sec) 59.28795817162177"
time="2020-02-17T00:49:43-06:00" level=debug msg="readLatency 413.678µs, writeLatency 33.920911ms, throughput(ops/sec) 59.306562296530004"
time="2020-02-17T00:49:43-06:00" level=debug msg="readLatency 419.673µs, writeLatency 33.90637ms, throughput(ops/sec) 59.289913064894904"
time="2020-02-17T00:49:43-06:00" level=debug msg="readLatency 419.255µs, writeLatency 33.896256ms, throughput(ops/sec) 59.31834272008031"
time="2020-02-17T00:49:43-06:00" level=debug msg="readLatency 422.318µs, writeLatency 33.845928ms, throughput(ops/sec) 59.41747442312751"
time="2020-02-17T00:49:43-06:00" level=debug msg="readLatency 416.339µs, writeLatency 33.904575ms, throughput(ops/sec) 59.29897518721742"
time="2020-02-17T00:49:43-06:00" level=debug msg="readLatency 416.338µs, writeLatency 33.913632ms, throughput(ops/sec) 59.29355417158005"
time="2020-02-17T00:49:53-06:00" level=debug msg="readLatency 417.676µs, writeLatency 34.513323ms, throughput(ops/sec) 58.20591995931495"
time="2020-02-17T00:49:53-06:00" level=debug msg="readLatency 409.248µs, writeLatency 34.523064ms, throughput(ops/sec) 58.20420818497129"
time="2020-02-17T00:49:53-06:00" level=debug msg="readLatency 412.798µs, writeLatency 34.518556ms, throughput(ops/sec) 58.22446204108651"
time="2020-02-17T00:49:53-06:00" level=debug msg="readLatency 418.852µs, writeLatency 34.506737ms, throughput(ops/sec) 58.205601860771544"
time="2020-02-17T00:49:53-06:00" level=debug msg="readLatency 422.549µs, writeLatency 34.449564ms, throughput(ops/sec) 58.25728406170594"
time="2020-02-17T00:49:53-06:00" level=debug msg="readLatency 418.756µs, writeLatency 34.494866ms, throughput(ops/sec) 58.23481629195332"
time="2020-02-17T00:49:53-06:00" level=debug msg="readLatency 416.801µs, writeLatency 34.503396ms, throughput(ops/sec) 58.21470034277213"
time="2020-02-17T00:49:53-06:00" level=debug msg="readLatency 415.008µs, writeLatency 34.513645ms, throughput(ops/sec) 58.2099785756629"
time="2020-02-17T00:50:03-06:00" level=debug msg="readLatency 426.932µs, writeLatency 33.689758ms, throughput(ops/sec) 58.95897296628438"
time="2020-02-17T00:50:03-06:00" level=debug msg="readLatency 417.339µs, writeLatency 33.689892ms, throughput(ops/sec) 58.99184771834951"
time="2020-02-17T00:50:03-06:00" level=debug msg="readLatency 421.866µs, writeLatency 33.681118ms, throughput(ops/sec) 58.95830152766613"
time="2020-02-17T00:50:03-06:00" level=debug msg="readLatency 419.849µs, writeLatency 33.682031ms, throughput(ops/sec) 58.99273657738383"
time="2020-02-17T00:50:03-06:00" level=debug msg="readLatency 425.494µs, writeLatency 33.639966ms, throughput(ops/sec) 59.03886748551198"
time="2020-02-17T00:50:03-06:00" level=debug msg="readLatency 422.252µs, writeLatency 33.667244ms, throughput(ops/sec) 59.0224284443482"
time="2020-02-17T00:50:03-06:00" level=debug msg="readLatency 417.485µs, writeLatency 33.680008ms, throughput(ops/sec) 59.00037343767608"
time="2020-02-17T00:50:03-06:00" level=debug msg="readLatency 423.045µs, writeLatency 33.681912ms, throughput(ops/sec) 58.9956594702698"
time="2020-02-17T00:50:13-06:00" level=debug msg="readLatency 428.532µs, writeLatency 32.215702ms, throughput(ops/sec) 61.6072816261326"
time="2020-02-17T00:50:13-06:00" level=debug msg="readLatency 421.348µs, writeLatency 32.205555ms, throughput(ops/sec) 61.624835587524174"
time="2020-02-17T00:50:13-06:00" level=debug msg="readLatency 422.238µs, writeLatency 32.195919ms, throughput(ops/sec) 61.66433109010424"
time="2020-02-17T00:50:13-06:00" level=debug msg="readLatency 421.443µs, writeLatency 32.201726ms, throughput(ops/sec) 61.6469495705235"
time="2020-02-17T00:50:13-06:00" level=debug msg="readLatency 423.928µs, writeLatency 32.18619ms, throughput(ops/sec) 61.65649805255485"
time="2020-02-17T00:50:13-06:00" level=debug msg="readLatency 427.463µs, writeLatency 32.182308ms, throughput(ops/sec) 61.67954107921728"
time="2020-02-17T00:50:13-06:00" level=debug msg="readLatency 420.155µs, writeLatency 32.199156ms, throughput(ops/sec) 61.654268486816555"
time="2020-02-17T00:50:13-06:00" level=debug msg="readLatency 423.375µs, writeLatency 32.202351ms, throughput(ops/sec) 61.62701689854839"
time="2020-02-17T00:50:23-06:00" level=debug msg="readLatency 427.817µs, writeLatency 30.721421ms, throughput(ops/sec) 64.27025380041937"
time="2020-02-17T00:50:23-06:00" level=debug msg="readLatency 421.752µs, writeLatency 30.712458ms, throughput(ops/sec) 64.30127196499852"
time="2020-02-17T00:50:23-06:00" level=debug msg="readLatency 422.242µs, writeLatency 30.691998ms, throughput(ops/sec) 64.34256804707191"
time="2020-02-17T00:50:23-06:00" level=debug msg="readLatency 421.402µs, writeLatency 30.702814ms, throughput(ops/sec) 64.30783758690454"
time="2020-02-17T00:50:23-06:00" level=debug msg="readLatency 429.981µs, writeLatency 30.684204ms, throughput(ops/sec) 64.34256461532945"
time="2020-02-17T00:50:23-06:00" level=debug msg="readLatency 424.195µs, writeLatency 30.693308ms, throughput(ops/sec) 64.33578565165148"
time="2020-02-17T00:50:23-06:00" level=debug msg="readLatency 423.738µs, writeLatency 30.709475ms, throughput(ops/sec) 64.30332422801146"
time="2020-02-17T00:50:23-06:00" level=debug msg="readLatency 420µs, writeLatency 30.700873ms, throughput(ops/sec) 64.31474984687004"
time="2020-02-17T00:50:33-06:00" level=debug msg="readLatency 428.624µs, writeLatency 30.064703ms, throughput(ops/sec) 65.48980550969611"
time="2020-02-17T00:50:33-06:00" level=debug msg="readLatency 422.694µs, writeLatency 30.056727ms, throughput(ops/sec) 65.5262425045278"
time="2020-02-17T00:50:33-06:00" level=debug msg="readLatency 423.438µs, writeLatency 30.035049ms, throughput(ops/sec) 65.5646842931564"
time="2020-02-17T00:50:33-06:00" level=debug msg="readLatency 422.764µs, writeLatency 30.060924ms, throughput(ops/sec) 65.51707117632351"
time="2020-02-17T00:50:33-06:00" level=debug msg="readLatency 424.708µs, writeLatency 30.03182ms, throughput(ops/sec) 65.58865004631588"
time="2020-02-17T00:50:33-06:00" level=debug msg="readLatency 431.45µs, writeLatency 30.025388ms, throughput(ops/sec) 65.58153012707028"
time="2020-02-17T00:50:33-06:00" level=debug msg="readLatency 421.38µs, writeLatency 30.059139ms, throughput(ops/sec) 65.52387399387557"
time="2020-02-17T00:50:33-06:00" level=debug msg="readLatency 424.824µs, writeLatency 30.040965ms, throughput(ops/sec) 65.56217206448152"
time="2020-02-17T00:50:43-06:00" level=debug msg="readLatency 427.713µs, writeLatency 30.046969ms, throughput(ops/sec) 65.88631151697139"
time="2020-02-17T00:50:43-06:00" level=debug msg="readLatency 424.014µs, writeLatency 30.037453ms, throughput(ops/sec) 65.92714881607786"
time="2020-02-17T00:50:43-06:00" level=debug msg="readLatency 423.789µs, writeLatency 30.015904ms, throughput(ops/sec) 65.96825617191473"
time="2020-02-17T00:50:43-06:00" level=debug msg="readLatency 424.263µs, writeLatency 30.041346ms, throughput(ops/sec) 65.95504808624145"
time="2020-02-17T00:50:43-06:00" level=debug msg="readLatency 424.838µs, writeLatency 30.01995ms, throughput(ops/sec) 66.00013399837556"
time="2020-02-17T00:50:43-06:00" level=debug msg="readLatency 433.325µs, writeLatency 30.00174ms, throughput(ops/sec) 65.99612591421302"
time="2020-02-17T00:50:43-06:00" level=debug msg="readLatency 422.545µs, writeLatency 30.040258ms, throughput(ops/sec) 65.96730285989659"
time="2020-02-17T00:50:43-06:00" level=debug msg="readLatency 424.101µs, writeLatency 30.01903ms, throughput(ops/sec) 65.99741849296372"
time="2020-02-17T00:50:53-06:00" level=debug msg="readLatency 428.315µs, writeLatency 30.406497ms, throughput(ops/sec) 65.27821721467333"
time="2020-02-17T00:50:53-06:00" level=debug msg="readLatency 425.41µs, writeLatency 30.396807ms, throughput(ops/sec) 65.29324707595048"
time="2020-02-17T00:50:53-06:00" level=debug msg="readLatency 424.62µs, writeLatency 30.375252ms, throughput(ops/sec) 65.3523609365593"
time="2020-02-17T00:50:53-06:00" level=debug msg="readLatency 426.228µs, writeLatency 30.400029ms, throughput(ops/sec) 65.2846691955663"
time="2020-02-17T00:50:53-06:00" level=debug msg="readLatency 426.424µs, writeLatency 30.3791ms, throughput(ops/sec) 65.32859520153836"
time="2020-02-17T00:50:53-06:00" level=debug msg="readLatency 434.932µs, writeLatency 30.362313ms, throughput(ops/sec) 65.32236131642824"
time="2020-02-17T00:50:53-06:00" level=debug msg="readLatency 423.928µs, writeLatency 30.399035ms, throughput(ops/sec) 65.29170670106362"
time="2020-02-17T00:50:53-06:00" level=debug msg="readLatency 424.007µs, writeLatency 30.381028ms, throughput(ops/sec) 65.3121184827603"
time="2020-02-17T00:51:03-06:00" level=debug msg="readLatency 429.167µs, writeLatency 30.301198ms, throughput(ops/sec) 65.63941738261607"
time="2020-02-17T00:51:03-06:00" level=debug msg="readLatency 426.039µs, writeLatency 30.286745ms, throughput(ops/sec) 65.70412343731546"
time="2020-02-17T00:51:03-06:00" level=debug msg="readLatency 424.437µs, writeLatency 30.270673ms, throughput(ops/sec) 65.71496605266478"
time="2020-02-17T00:51:03-06:00" level=info msg="readLatency 424.437µs, writeLatency 30.27125ms, throughput(ops/sec) 65.70816710319522"
time="2020-02-17T00:51:03-06:00" level=info msg="readLatency 426.039µs, writeLatency 30.28732ms, throughput(ops/sec) 65.69733088088444"
time="2020-02-17T00:51:03-06:00" level=info msg="readLatency 429.167µs, writeLatency 30.301769ms, throughput(ops/sec) 65.63264177394345"
time="2020-02-17T00:51:03-06:00" level=debug msg="readLatency 427.004µs, writeLatency 30.295302ms, throughput(ops/sec) 65.68372618212139"
time="2020-02-17T00:51:03-06:00" level=debug msg="readLatency 427.244µs, writeLatency 30.269667ms, throughput(ops/sec) 65.74340473551712"
time="2020-02-17T00:51:03-06:00" level=debug msg="readLatency 435.391µs, writeLatency 30.260097ms, throughput(ops/sec) 65.7510743391062"
time="2020-02-17T00:51:03-06:00" level=debug msg="readLatency 424.492µs, writeLatency 30.305944ms, throughput(ops/sec) 65.639345652562"
time="2020-02-17T00:51:03-06:00" level=debug msg="readLatency 424.883µs, writeLatency 30.288422ms, throughput(ops/sec) 65.70841678037026"
time="2020-02-17T00:51:03-06:00" level=info msg="readLatency 424.883µs, writeLatency 30.2879ms, throughput(ops/sec) 65.70396975272449"
time="2020-02-17T00:51:03-06:00" level=info msg="readLatency 427.004µs, writeLatency 30.294929ms, throughput(ops/sec) 65.67896202280247"
time="2020-02-17T00:51:03-06:00" level=info msg="readLatency 427.244µs, writeLatency 30.269119ms, throughput(ops/sec) 65.7390123641056"
time="2020-02-17T00:51:03-06:00" level=info msg="readLatency 435.391µs, writeLatency 30.259609ms, throughput(ops/sec) 65.74656143906144"
time="2020-02-17T00:51:03-06:00" level=info msg="readLatency 424.492µs, writeLatency 30.305539ms, throughput(ops/sec) 65.63465249415097"

=== DONE EXP3 READ/WRITE   ===

