Server Address host:port (eg. localhost:10000)10.10.1.2:10000
Number of clients: 16
Do you want to load data? num_keys=1048576, value_size=4096
1) Yes
2) No
#? 
==============================
=== EXP3 READ TEST         ===
==============================

spawning client 1
spawning client 2
spawning client 3
spawning client 4
spawning client 5
spawning client 6
spawning client 7
spawning client 8
spawning client 9
spawning client 10
spawning client 11
spawning client 12
spawning client 13
spawning client 14
spawning client 15
spawning client 16
time="2020-02-17T01:09:15-06:00" level=info msg="trying to connect to server at 10.10.1.2:10000"
time="2020-02-17T01:09:15-06:00" level=info msg="trying to connect to server at 10.10.1.2:10000"
time="2020-02-17T01:09:15-06:00" level=info msg="trying to connect to server at 10.10.1.2:10000"
time="2020-02-17T01:09:15-06:00" level=info msg="connected to 10.10.1.2:10000"
time="2020-02-17T01:09:15-06:00" level=debug msg=getAveReadLatency
time="2020-02-17T01:09:15-06:00" level=info msg="connected to 10.10.1.2:10000"
time="2020-02-17T01:09:15-06:00" level=debug msg=getAveReadLatency
time="2020-02-17T01:09:15-06:00" level=info msg="trying to connect to server at 10.10.1.2:10000"
time="2020-02-17T01:09:15-06:00" level=info msg="trying to connect to server at 10.10.1.2:10000"
time="2020-02-17T01:09:15-06:00" level=info msg="trying to connect to server at 10.10.1.2:10000"
time="2020-02-17T01:09:15-06:00" level=info msg="connected to 10.10.1.2:10000"
time="2020-02-17T01:09:15-06:00" level=debug msg=getAveReadLatency
time="2020-02-17T01:09:15-06:00" level=info msg="trying to connect to server at 10.10.1.2:10000"
time="2020-02-17T01:09:15-06:00" level=info msg="trying to connect to server at 10.10.1.2:10000"
time="2020-02-17T01:09:15-06:00" level=info msg="trying to connect to server at 10.10.1.2:10000"
time="2020-02-17T01:09:15-06:00" level=info msg="trying to connect to server at 10.10.1.2:10000"
time="2020-02-17T01:09:15-06:00" level=info msg="connected to 10.10.1.2:10000"
time="2020-02-17T01:09:15-06:00" level=info msg="trying to connect to server at 10.10.1.2:10000"
time="2020-02-17T01:09:15-06:00" level=debug msg=getAveReadLatency
time="2020-02-17T01:09:15-06:00" level=info msg="connected to 10.10.1.2:10000"
time="2020-02-17T01:09:15-06:00" level=info msg="connected to 10.10.1.2:10000"
time="2020-02-17T01:09:15-06:00" level=debug msg=getAveReadLatency
time="2020-02-17T01:09:15-06:00" level=info msg="trying to connect to server at 10.10.1.2:10000"
time="2020-02-17T01:09:15-06:00" level=info msg="trying to connect to server at 10.10.1.2:10000"
time="2020-02-17T01:09:15-06:00" level=debug msg=getAveReadLatency
time="2020-02-17T01:09:15-06:00" level=info msg="trying to connect to server at 10.10.1.2:10000"
time="2020-02-17T01:09:15-06:00" level=info msg="connected to 10.10.1.2:10000"
time="2020-02-17T01:09:15-06:00" level=debug msg=getAveReadLatency
time="2020-02-17T01:09:15-06:00" level=info msg="connected to 10.10.1.2:10000"
time="2020-02-17T01:09:15-06:00" level=debug msg=getAveReadLatency
time="2020-02-17T01:09:15-06:00" level=info msg="connected to 10.10.1.2:10000"
time="2020-02-17T01:09:15-06:00" level=debug msg=getAveReadLatency
time="2020-02-17T01:09:15-06:00" level=info msg="connected to 10.10.1.2:10000"
time="2020-02-17T01:09:15-06:00" level=debug msg=getAveReadLatency
time="2020-02-17T01:09:15-06:00" level=info msg="connected to 10.10.1.2:10000"
time="2020-02-17T01:09:15-06:00" level=debug msg=getAveReadLatency
time="2020-02-17T01:09:15-06:00" level=info msg="connected to 10.10.1.2:10000"
time="2020-02-17T01:09:15-06:00" level=debug msg=getAveReadLatency
time="2020-02-17T01:09:15-06:00" level=info msg="trying to connect to server at 10.10.1.2:10000"
time="2020-02-17T01:09:15-06:00" level=info msg="trying to connect to server at 10.10.1.2:10000"
time="2020-02-17T01:09:15-06:00" level=info msg="connected to 10.10.1.2:10000"
time="2020-02-17T01:09:15-06:00" level=debug msg=getAveReadLatency
time="2020-02-17T01:09:15-06:00" level=info msg="connected to 10.10.1.2:10000"
time="2020-02-17T01:09:15-06:00" level=debug msg=getAveReadLatency
time="2020-02-17T01:09:15-06:00" level=info msg="connected to 10.10.1.2:10000"
time="2020-02-17T01:09:15-06:00" level=debug msg=getAveReadLatency
time="2020-02-17T01:09:15-06:00" level=info msg="connected to 10.10.1.2:10000"
time="2020-02-17T01:09:15-06:00" level=debug msg=getAveReadLatency
time="2020-02-17T01:09:25-06:00" level=debug msg="latency 255.941µs, throughput(ops/sec) 3907.1501004988822"
time="2020-02-17T01:09:25-06:00" level=debug msg="latency 256.069µs, throughput(ops/sec) 3905.192632834132"
time="2020-02-17T01:09:25-06:00" level=debug msg="latency 255.948µs, throughput(ops/sec) 3907.039284793734"
time="2020-02-17T01:09:25-06:00" level=debug msg="latency 256.022µs, throughput(ops/sec) 3905.9093199952054"
time="2020-02-17T01:09:25-06:00" level=debug msg="latency 256.822µs, throughput(ops/sec) 3893.741085128469"
time="2020-02-17T01:09:25-06:00" level=debug msg="latency 256.113µs, throughput(ops/sec) 3904.524425967344"
time="2020-02-17T01:09:25-06:00" level=debug msg="latency 255.964µs, throughput(ops/sec) 3906.7911499136317"
time="2020-02-17T01:09:25-06:00" level=debug msg="latency 256.446µs, throughput(ops/sec) 3899.4562776709677"
time="2020-02-17T01:09:25-06:00" level=debug msg="latency 255.949µs, throughput(ops/sec) 3907.027306419296"
time="2020-02-17T01:09:25-06:00" level=debug msg="latency 256.052µs, throughput(ops/sec) 3905.454824975859"
time="2020-02-17T01:09:25-06:00" level=debug msg="latency 256.034µs, throughput(ops/sec) 3905.7276579185864"
time="2020-02-17T01:09:25-06:00" level=debug msg="latency 255.912µs, throughput(ops/sec) 3907.5850920487414"
time="2020-02-17T01:09:25-06:00" level=debug msg="latency 256.32µs, throughput(ops/sec) 3901.369617474499"
time="2020-02-17T01:09:25-06:00" level=debug msg="latency 255.82µs, throughput(ops/sec) 3908.9934431150054"
time="2020-02-17T01:09:25-06:00" level=debug msg="latency 255.811µs, throughput(ops/sec) 3909.1231187198337"
time="2020-02-17T01:09:25-06:00" level=debug msg="latency 255.859µs, throughput(ops/sec) 3908.3940948409895"
time="2020-02-17T01:09:35-06:00" level=debug msg="latency 250.338µs, throughput(ops/sec) 3994.5973171249766"
time="2020-02-17T01:09:35-06:00" level=debug msg="latency 250.246µs, throughput(ops/sec) 3996.0676062538173"
time="2020-02-17T01:09:35-06:00" level=debug msg="latency 250.268µs, throughput(ops/sec) 3995.7027580668896"
time="2020-02-17T01:09:35-06:00" level=debug msg="latency 250.273µs, throughput(ops/sec) 3995.6308850720707"
time="2020-02-17T01:09:35-06:00" level=debug msg="latency 250.241µs, throughput(ops/sec) 3996.135969279659"
time="2020-02-17T01:09:35-06:00" level=debug msg="latency 250.079µs, throughput(ops/sec) 3998.727679328341"
time="2020-02-17T01:09:35-06:00" level=debug msg="latency 250.159µs, throughput(ops/sec) 3997.450733362268"
time="2020-02-17T01:09:35-06:00" level=debug msg="latency 250.307µs, throughput(ops/sec) 3995.092719561515"
time="2020-02-17T01:09:35-06:00" level=debug msg="latency 250.229µs, throughput(ops/sec) 3996.333404057501"
time="2020-02-17T01:09:35-06:00" level=debug msg="latency 250.116µs, throughput(ops/sec) 3998.1373633852095"
time="2020-02-17T01:09:35-06:00" level=debug msg="latency 250.232µs, throughput(ops/sec) 3996.2835024146875"
time="2020-02-17T01:09:35-06:00" level=debug msg="latency 250.193µs, throughput(ops/sec) 3996.900965627799"
time="2020-02-17T01:09:35-06:00" level=debug msg="latency 250.503µs, throughput(ops/sec) 3991.959848931877"
time="2020-02-17T01:09:35-06:00" level=debug msg="latency 250.333µs, throughput(ops/sec) 3994.675562279457"
time="2020-02-17T01:09:35-06:00" level=debug msg="latency 250.694µs, throughput(ops/sec) 3988.916686873179"
time="2020-02-17T01:09:35-06:00" level=debug msg="latency 250.325µs, throughput(ops/sec) 3994.7945075196026"
time="2020-02-17T01:09:45-06:00" level=debug msg="latency 246.324µs, throughput(ops/sec) 4059.6786611242355"
time="2020-02-17T01:09:45-06:00" level=debug msg="latency 246.379µs, throughput(ops/sec) 4058.7840361303493"
time="2020-02-17T01:09:45-06:00" level=debug msg="latency 246.461µs, throughput(ops/sec) 4057.436270947568"
time="2020-02-17T01:09:45-06:00" level=debug msg="latency 246.36µs, throughput(ops/sec) 4059.0914478333884"
time="2020-02-17T01:09:45-06:00" level=debug msg="latency 246.239µs, throughput(ops/sec) 4061.0926155561415"
time="2020-02-17T01:09:45-06:00" level=debug msg="latency 246.235µs, throughput(ops/sec) 4061.15244624997"
time="2020-02-17T01:09:45-06:00" level=debug msg="latency 246.419µs, throughput(ops/sec) 4058.114701365658"
time="2020-02-17T01:09:45-06:00" level=debug msg="latency 246.271µs, throughput(ops/sec) 4060.560922010896"
time="2020-02-17T01:09:45-06:00" level=debug msg="latency 246.296µs, throughput(ops/sec) 4060.140510901405"
time="2020-02-17T01:09:45-06:00" level=debug msg="latency 246.259µs, throughput(ops/sec) 4060.7603183390756"
time="2020-02-17T01:09:45-06:00" level=debug msg="latency 246.394µs, throughput(ops/sec) 4058.5261408588362"
time="2020-02-17T01:09:45-06:00" level=debug msg="latency 246.313µs, throughput(ops/sec) 4059.8652616047184"
time="2020-02-17T01:09:45-06:00" level=debug msg="latency 246.225µs, throughput(ops/sec) 4061.311833311761"
time="2020-02-17T01:09:45-06:00" level=debug msg="latency 246.418µs, throughput(ops/sec) 4058.131326645249"
time="2020-02-17T01:09:45-06:00" level=debug msg="latency 246.701µs, throughput(ops/sec) 4053.4759616494093"
time="2020-02-17T01:09:45-06:00" level=debug msg="latency 246.262µs, throughput(ops/sec) 4060.712354071141"
time="2020-02-17T01:09:55-06:00" level=debug msg="latency 245.338µs, throughput(ops/sec) 4076.00854302703"
time="2020-02-17T01:09:55-06:00" level=debug msg="latency 245.468µs, throughput(ops/sec) 4073.8366251612492"
time="2020-02-17T01:09:55-06:00" level=debug msg="latency 245.355µs, throughput(ops/sec) 4075.7259974770395"
time="2020-02-17T01:09:55-06:00" level=debug msg="latency 245.386µs, throughput(ops/sec) 4075.1995503891376"
time="2020-02-17T01:09:55-06:00" level=debug msg="latency 245.42µs, throughput(ops/sec) 4074.6456814033895"
time="2020-02-17T01:09:55-06:00" level=debug msg="latency 245.297µs, throughput(ops/sec) 4076.6878106615522"
time="2020-02-17T01:09:55-06:00" level=debug msg="latency 245.34µs, throughput(ops/sec) 4075.9644961797558"
time="2020-02-17T01:09:55-06:00" level=debug msg="latency 245.442µs, throughput(ops/sec) 4074.278198032758"
time="2020-02-17T01:09:55-06:00" level=debug msg="latency 245.395µs, throughput(ops/sec) 4075.048417353032"
time="2020-02-17T01:09:55-06:00" level=debug msg="latency 245.418µs, throughput(ops/sec) 4074.6728983409757"
time="2020-02-17T01:09:55-06:00" level=debug msg="latency 245.323µs, throughput(ops/sec) 4076.2471641723896"
time="2020-02-17T01:09:55-06:00" level=debug msg="latency 245.464µs, throughput(ops/sec) 4073.913211592201"
time="2020-02-17T01:09:55-06:00" level=debug msg="latency 245.288µs, throughput(ops/sec) 4076.8267145129603"
time="2020-02-17T01:09:55-06:00" level=debug msg="latency 245.432µs, throughput(ops/sec) 4074.445655668982"
time="2020-02-17T01:09:55-06:00" level=debug msg="latency 245.923µs, throughput(ops/sec) 4066.3093291471228"
time="2020-02-17T01:09:55-06:00" level=debug msg="latency 245.455µs, throughput(ops/sec) 4074.052829482903"
time="2020-02-17T01:10:05-06:00" level=debug msg="latency 244.424µs, throughput(ops/sec) 4091.2484937548993"
time="2020-02-17T01:10:05-06:00" level=debug msg="latency 244.42µs, throughput(ops/sec) 4091.317537899644"
time="2020-02-17T01:10:05-06:00" level=debug msg="latency 244.361µs, throughput(ops/sec) 4092.2980705633695"
time="2020-02-17T01:10:05-06:00" level=debug msg="latency 244.439µs, throughput(ops/sec) 4090.9880840067462"
time="2020-02-17T01:10:05-06:00" level=debug msg="latency 244.47µs, throughput(ops/sec) 4090.474704659362"
time="2020-02-17T01:10:05-06:00" level=debug msg="latency 244.364µs, throughput(ops/sec) 4092.2462283373325"
time="2020-02-17T01:10:05-06:00" level=debug msg="latency 244.394µs, throughput(ops/sec) 4091.743068920601"
time="2020-02-17T01:10:05-06:00" level=debug msg="latency 244.429µs, throughput(ops/sec) 4091.1563553150627"
time="2020-02-17T01:10:05-06:00" level=debug msg="latency 244.361µs, throughput(ops/sec) 4092.292303901371"
time="2020-02-17T01:10:05-06:00" level=debug msg="latency 244.35µs, throughput(ops/sec) 4092.4834134367584"
time="2020-02-17T01:10:05-06:00" level=debug msg="latency 244.388µs, throughput(ops/sec) 4091.853070863003"
time="2020-02-17T01:10:05-06:00" level=debug msg="latency 244.413µs, throughput(ops/sec) 4091.42904965429"
time="2020-02-17T01:10:05-06:00" level=debug msg="latency 244.381µs, throughput(ops/sec) 4091.9658451974647"
time="2020-02-17T01:10:05-06:00" level=debug msg="latency 244.71µs, throughput(ops/sec) 4086.4580705057874"
time="2020-02-17T01:10:05-06:00" level=debug msg="latency 245.166µs, throughput(ops/sec) 4078.8599784177622"
time="2020-02-17T01:10:05-06:00" level=debug msg="latency 244.527µs, throughput(ops/sec) 4089.519191055178"
time="2020-02-17T01:10:15-06:00" level=debug msg="latency 243.602µs, throughput(ops/sec) 4105.055076082986"
time="2020-02-17T01:10:15-06:00" level=debug msg="latency 243.568µs, throughput(ops/sec) 4105.618725355559"
time="2020-02-17T01:10:15-06:00" level=debug msg="latency 243.533µs, throughput(ops/sec) 4106.213115171473"
time="2020-02-17T01:10:15-06:00" level=debug msg="latency 243.64µs, throughput(ops/sec) 4104.406453581143"
time="2020-02-17T01:10:15-06:00" level=debug msg="latency 243.502µs, throughput(ops/sec) 4106.740658462973"
time="2020-02-17T01:10:15-06:00" level=debug msg="latency 243.604µs, throughput(ops/sec) 4105.008709019346"
time="2020-02-17T01:10:15-06:00" level=debug msg="latency 243.557µs, throughput(ops/sec) 4105.810815154815"
time="2020-02-17T01:10:15-06:00" level=debug msg="latency 243.547µs, throughput(ops/sec) 4105.967517450678"
time="2020-02-17T01:10:15-06:00" level=debug msg="latency 243.567µs, throughput(ops/sec) 4105.639838959268"
time="2020-02-17T01:10:15-06:00" level=debug msg="latency 243.551µs, throughput(ops/sec) 4105.913311177737"
time="2020-02-17T01:10:15-06:00" level=debug msg="latency 243.583µs, throughput(ops/sec) 4105.368858874634"
time="2020-02-17T01:10:15-06:00" level=debug msg="latency 243.668µs, throughput(ops/sec) 4103.944200308046"
time="2020-02-17T01:10:15-06:00" level=debug msg="latency 243.571µs, throughput(ops/sec) 4105.569846394509"
time="2020-02-17T01:10:15-06:00" level=debug msg="latency 243.934µs, throughput(ops/sec) 4099.45906454253"
time="2020-02-17T01:10:15-06:00" level=debug msg="latency 244.232µs, throughput(ops/sec) 4094.456378172065"
time="2020-02-17T01:10:15-06:00" level=debug msg="latency 243.711µs, throughput(ops/sec) 4103.217057633542"
time="2020-02-17T01:10:25-06:00" level=debug msg="latency 242.85µs, throughput(ops/sec) 4117.759854442242"
time="2020-02-17T01:10:25-06:00" level=debug msg="latency 242.882µs, throughput(ops/sec) 4117.225429946593"
time="2020-02-17T01:10:25-06:00" level=debug msg="latency 242.93µs, throughput(ops/sec) 4116.406432812798"
time="2020-02-17T01:10:25-06:00" level=debug msg="latency 242.855µs, throughput(ops/sec) 4117.678452658644"
time="2020-02-17T01:10:25-06:00" level=debug msg="latency 242.876µs, throughput(ops/sec) 4117.316607635107"
time="2020-02-17T01:10:25-06:00" level=debug msg="latency 242.848µs, throughput(ops/sec) 4117.787781845305"
time="2020-02-17T01:10:25-06:00" level=debug msg="latency 242.888µs, throughput(ops/sec) 4117.110544460758"
time="2020-02-17T01:10:25-06:00" level=debug msg="latency 242.823µs, throughput(ops/sec) 4118.215313043607"
time="2020-02-17T01:10:25-06:00" level=debug msg="latency 242.822µs, throughput(ops/sec) 4118.238364203799"
time="2020-02-17T01:10:25-06:00" level=debug msg="latency 242.859µs, throughput(ops/sec) 4117.609633820109"
time="2020-02-17T01:10:25-06:00" level=debug msg="latency 242.869µs, throughput(ops/sec) 4117.4301615458735"
time="2020-02-17T01:10:25-06:00" level=debug msg="latency 242.867µs, throughput(ops/sec) 4117.47919373754"
time="2020-02-17T01:10:25-06:00" level=debug msg="latency 242.865µs, throughput(ops/sec) 4117.51341790323"
time="2020-02-17T01:10:25-06:00" level=debug msg="latency 243.388µs, throughput(ops/sec) 4108.6492972088545"
time="2020-02-17T01:10:25-06:00" level=debug msg="latency 243.57µs, throughput(ops/sec) 4105.57977902678"
time="2020-02-17T01:10:25-06:00" level=debug msg="latency 242.942µs, throughput(ops/sec) 4116.203695158223"
time="2020-02-17T01:10:35-06:00" level=debug msg="latency 242.596µs, throughput(ops/sec) 4122.071719512168"
time="2020-02-17T01:10:35-06:00" level=debug msg="latency 242.649µs, throughput(ops/sec) 4121.164789543284"
time="2020-02-17T01:10:35-06:00" level=debug msg="latency 242.585µs, throughput(ops/sec) 4122.260614094901"
time="2020-02-17T01:10:35-06:00" level=debug msg="latency 242.601µs, throughput(ops/sec) 4121.988136304448"
time="2020-02-17T01:10:35-06:00" level=debug msg="latency 242.519µs, throughput(ops/sec) 4123.38101556954"
time="2020-02-17T01:10:35-06:00" level=debug msg="latency 242.571µs, throughput(ops/sec) 4122.494818078129"
time="2020-02-17T01:10:35-06:00" level=debug msg="latency 242.639µs, throughput(ops/sec) 4121.338014397632"
time="2020-02-17T01:10:35-06:00" level=debug msg="latency 242.566µs, throughput(ops/sec) 4122.584980371977"
time="2020-02-17T01:10:35-06:00" level=debug msg="latency 242.656µs, throughput(ops/sec) 4121.058410397575"
time="2020-02-17T01:10:35-06:00" level=debug msg="latency 242.582µs, throughput(ops/sec) 4122.315767975962"
time="2020-02-17T01:10:35-06:00" level=debug msg="latency 242.6µs, throughput(ops/sec) 4122.010551243628"
time="2020-02-17T01:10:35-06:00" level=debug msg="latency 242.611µs, throughput(ops/sec) 4121.81809642278"
time="2020-02-17T01:10:35-06:00" level=debug msg="latency 242.566µs, throughput(ops/sec) 4122.578926715332"
time="2020-02-17T01:10:35-06:00" level=debug msg="latency 243.282µs, throughput(ops/sec) 4110.4498144297095"
time="2020-02-17T01:10:35-06:00" level=debug msg="latency 243.245µs, throughput(ops/sec) 4111.072058835827"
time="2020-02-17T01:10:35-06:00" level=debug msg="latency 242.574µs, throughput(ops/sec) 4122.437654765537"
time="2020-02-17T01:10:45-06:00" level=debug msg="latency 242.468µs, throughput(ops/sec) 4124.247842177979"
time="2020-02-17T01:10:45-06:00" level=debug msg="latency 242.468µs, throughput(ops/sec) 4124.247791236333"
time="2020-02-17T01:10:45-06:00" level=debug msg="latency 242.446µs, throughput(ops/sec) 4124.624520201352"
time="2020-02-17T01:10:45-06:00" level=debug msg="latency 242.531µs, throughput(ops/sec) 4123.168999935116"
time="2020-02-17T01:10:45-06:00" level=debug msg="latency 242.428µs, throughput(ops/sec) 4124.9274067141605"
time="2020-02-17T01:10:45-06:00" level=debug msg="latency 242.452µs, throughput(ops/sec) 4124.525302866281"
time="2020-02-17T01:10:45-06:00" level=debug msg="latency 242.458µs, throughput(ops/sec) 4124.422705450235"
time="2020-02-17T01:10:45-06:00" level=debug msg="latency 242.517µs, throughput(ops/sec) 4123.417910622693"
time="2020-02-17T01:10:45-06:00" level=debug msg="latency 242.485µs, throughput(ops/sec) 4123.954329818773"
time="2020-02-17T01:10:45-06:00" level=debug msg="latency 242.424µs, throughput(ops/sec) 4124.99591516183"
time="2020-02-17T01:10:45-06:00" level=debug msg="latency 242.474µs, throughput(ops/sec) 4124.148776111967"
time="2020-02-17T01:10:45-06:00" level=debug msg="latency 242.457µs, throughput(ops/sec) 4124.439238346613"
time="2020-02-17T01:10:45-06:00" level=debug msg="latency 242.44µs, throughput(ops/sec) 4124.715093397621"
time="2020-02-17T01:10:45-06:00" level=debug msg="latency 243.22µs, throughput(ops/sec) 4111.49974644065"
time="2020-02-17T01:10:45-06:00" level=debug msg="latency 243.129µs, throughput(ops/sec) 4113.041529087706"
time="2020-02-17T01:10:45-06:00" level=debug msg="latency 242.42µs, throughput(ops/sec) 4125.067420753656"
time="2020-02-17T01:10:55-06:00" level=debug msg="latency 241.982µs, throughput(ops/sec) 4132.536788729175"
time="2020-02-17T01:10:55-06:00" level=debug msg="latency 241.967µs, throughput(ops/sec) 4132.786978725534"
time="2020-02-17T01:10:55-06:00" level=debug msg="latency 241.946µs, throughput(ops/sec) 4133.153670946595"
time="2020-02-17T01:10:55-06:00" level=debug msg="latency 242.012µs, throughput(ops/sec) 4132.011973775789"
time="2020-02-17T01:10:55-06:00" level=debug msg="latency 241.919µs, throughput(ops/sec) 4133.601197121398"
time="2020-02-17T01:10:55-06:00" level=debug msg="latency 241.973µs, throughput(ops/sec) 4132.679499723608"
time="2020-02-17T01:10:55-06:00" level=debug msg="latency 241.958µs, throughput(ops/sec) 4132.944465686294"
time="2020-02-17T01:10:55-06:00" level=debug msg="latency 242.248µs, throughput(ops/sec) 4127.999044317506"
time="2020-02-17T01:10:55-06:00" level=debug msg="latency 241.933µs, throughput(ops/sec) 4133.37263721101"
time="2020-02-17T01:10:55-06:00" level=debug msg="latency 241.966µs, throughput(ops/sec) 4132.797602354783"
time="2020-02-17T01:10:55-06:00" level=debug msg="latency 241.958µs, throughput(ops/sec) 4132.942462042926"
time="2020-02-17T01:10:55-06:00" level=debug msg="latency 241.977µs, throughput(ops/sec) 4132.61206758096"
time="2020-02-17T01:10:55-06:00" level=debug msg="latency 241.953µs, throughput(ops/sec) 4133.028063594579"
time="2020-02-17T01:10:55-06:00" level=debug msg="latency 242.76µs, throughput(ops/sec) 4119.286288044804"
time="2020-02-17T01:10:55-06:00" level=debug msg="latency 241.935µs, throughput(ops/sec) 4133.328754503216"
time="2020-02-17T01:10:55-06:00" level=debug msg="latency 242.763µs, throughput(ops/sec) 4119.236326681807"
time="2020-02-17T01:11:05-06:00" level=debug msg="latency 241.844µs, throughput(ops/sec) 4134.886606511456"
time="2020-02-17T01:11:05-06:00" level=debug msg="latency 241.872µs, throughput(ops/sec) 4134.415392714879"
time="2020-02-17T01:11:05-06:00" level=debug msg="latency 241.839µs, throughput(ops/sec) 4134.9706914353965"
time="2020-02-17T01:11:05-06:00" level=debug msg="latency 241.913µs, throughput(ops/sec) 4133.7113008146825"
time="2020-02-17T01:11:05-06:00" level=debug msg="latency 241.802µs, throughput(ops/sec) 4135.598116799759"
time="2020-02-17T01:11:05-06:00" level=debug msg="latency 241.837µs, throughput(ops/sec) 4135.003341955355"
time="2020-02-17T01:11:05-06:00" level=debug msg="latency 241.839µs, throughput(ops/sec) 4134.974745325025"
time="2020-02-17T01:11:05-06:00" level=debug msg="latency 242.213µs, throughput(ops/sec) 4128.58226037515"
time="2020-02-17T01:11:05-06:00" level=debug msg="latency 241.803µs, throughput(ops/sec) 4135.585210371336"
time="2020-02-17T01:11:05-06:00" level=debug msg="latency 241.811µs, throughput(ops/sec) 4135.454713043723"
time="2020-02-17T01:11:05-06:00" level=debug msg="latency 241.84µs, throughput(ops/sec) 4134.9607061572115"
time="2020-02-17T01:11:05-06:00" level=debug msg="latency 241.841µs, throughput(ops/sec) 4134.932610126325"
time="2020-02-17T01:11:05-06:00" level=debug msg="latency 241.855µs, throughput(ops/sec) 4134.6948237149945"
time="2020-02-17T01:11:05-06:00" level=debug msg="latency 242.674µs, throughput(ops/sec) 4120.744065644537"
time="2020-02-17T01:11:05-06:00" level=debug msg="latency 242.608µs, throughput(ops/sec) 4121.870080472339"
time="2020-02-17T01:11:05-06:00" level=debug msg="latency 241.847µs, throughput(ops/sec) 4134.836067771385"
time="2020-02-17T01:11:15-06:00" level=debug msg="latency 241.768µs, throughput(ops/sec) 4136.182770033281"
time="2020-02-17T01:11:15-06:00" level=debug msg="latency 241.796µs, throughput(ops/sec) 4135.715678483448"
time="2020-02-17T01:11:15-06:00" level=debug msg="latency 241.79µs, throughput(ops/sec) 4135.810707944419"
time="2020-02-17T01:11:15-06:00" level=debug msg="latency 241.788µs, throughput(ops/sec) 4135.8492895268"
time="2020-02-17T01:11:15-06:00" level=debug msg="latency 241.717µs, throughput(ops/sec) 4137.052756041995"
time="2020-02-17T01:11:15-06:00" level=debug msg="latency 241.751µs, throughput(ops/sec) 4136.474847327921"
time="2020-02-17T01:11:15-06:00" level=debug msg="latency 241.79µs, throughput(ops/sec) 4135.817638607869"
time="2020-02-17T01:11:15-06:00" level=debug msg="latency 242.159µs, throughput(ops/sec) 4129.517247146124"
time="2020-02-17T01:11:15-06:00" level=debug msg="latency 241.736µs, throughput(ops/sec) 4136.738666939933"
time="2020-02-17T01:11:15-06:00" level=debug msg="latency 241.791µs, throughput(ops/sec) 4135.79679644847"
time="2020-02-17T01:11:15-06:00" level=debug msg="latency 241.782µs, throughput(ops/sec) 4135.941455579541"
time="2020-02-17T01:11:15-06:00" level=debug msg="latency 241.804µs, throughput(ops/sec) 4135.568109697433"
time="2020-02-17T01:11:15-06:00" level=debug msg="latency 241.786µs, throughput(ops/sec) 4135.8726779462195"
time="2020-02-17T01:11:15-06:00" level=debug msg="latency 242.591µs, throughput(ops/sec) 4122.155025754338"
time="2020-02-17T01:11:15-06:00" level=debug msg="latency 242.561µs, throughput(ops/sec) 4122.661499612931"
time="2020-02-17T01:11:15-06:00" level=debug msg="latency 241.76µs, throughput(ops/sec) 4136.325518292882"
time="2020-02-17T01:11:25-06:00" level=debug msg="latency 241.622µs, throughput(ops/sec) 4138.694761483989"
time="2020-02-17T01:11:25-06:00" level=debug msg="latency 241.648µs, throughput(ops/sec) 4138.2377826466145"
time="2020-02-17T01:11:25-06:00" level=debug msg="latency 241.788µs, throughput(ops/sec) 4135.853543841904"
time="2020-02-17T01:11:25-06:00" level=debug msg="latency 241.651µs, throughput(ops/sec) 4138.185525680409"
time="2020-02-17T01:11:25-06:00" level=debug msg="latency 241.565µs, throughput(ops/sec) 4139.666567473128"
time="2020-02-17T01:11:25-06:00" level=debug msg="latency 241.627µs, throughput(ops/sec) 4138.606430394697"
time="2020-02-17T01:11:25-06:00" level=debug msg="latency 241.653µs, throughput(ops/sec) 4138.16502404865"
time="2020-02-17T01:11:25-06:00" level=debug msg="latency 242.106µs, throughput(ops/sec) 4130.415128647995"
time="2020-02-17T01:11:25-06:00" level=debug msg="latency 241.604µs, throughput(ops/sec) 4138.993374847861"
time="2020-02-17T01:11:25-06:00" level=debug msg="latency 241.622µs, throughput(ops/sec) 4138.686865327969"
time="2020-02-17T01:11:25-06:00" level=debug msg="latency 241.661µs, throughput(ops/sec) 4138.01334729279"
time="2020-02-17T01:11:25-06:00" level=debug msg="latency 241.683µs, throughput(ops/sec) 4137.637197906069"
time="2020-02-17T01:11:25-06:00" level=debug msg="latency 241.629µs, throughput(ops/sec) 4138.563533888766"
time="2020-02-17T01:11:25-06:00" level=debug msg="latency 242.391µs, throughput(ops/sec) 4125.564205659959"
time="2020-02-17T01:11:25-06:00" level=debug msg="latency 242.388µs, throughput(ops/sec) 4125.603437098546"
time="2020-02-17T01:11:25-06:00" level=debug msg="latency 241.615µs, throughput(ops/sec) 4138.811888195132"
time="2020-02-17T01:11:35-06:00" level=debug msg="latency 241.552µs, throughput(ops/sec) 4139.884774108176"
time="2020-02-17T01:11:35-06:00" level=debug msg="latency 241.559µs, throughput(ops/sec) 4139.770745737243"
time="2020-02-17T01:11:35-06:00" level=debug msg="latency 241.709µs, throughput(ops/sec) 4137.195801412931"
time="2020-02-17T01:11:35-06:00" level=debug msg="latency 241.546µs, throughput(ops/sec) 4139.986509424176"
time="2020-02-17T01:11:35-06:00" level=debug msg="latency 241.512µs, throughput(ops/sec) 4140.566142002741"
time="2020-02-17T01:11:35-06:00" level=debug msg="latency 241.529µs, throughput(ops/sec) 4140.28738120582"
time="2020-02-17T01:11:35-06:00" level=debug msg="latency 241.531µs, throughput(ops/sec) 4140.251022272757"
time="2020-02-17T01:11:35-06:00" level=debug msg="latency 242.042µs, throughput(ops/sec) 4131.4972983021025"
time="2020-02-17T01:11:35-06:00" level=debug msg="latency 241.504µs, throughput(ops/sec) 4140.704202663794"
time="2020-02-17T01:11:35-06:00" level=debug msg="latency 241.538µs, throughput(ops/sec) 4140.127939391249"
time="2020-02-17T01:11:35-06:00" level=debug msg="latency 241.539µs, throughput(ops/sec) 4140.111510479231"
time="2020-02-17T01:11:35-06:00" level=debug msg="latency 241.553µs, throughput(ops/sec) 4139.872484581619"
time="2020-02-17T01:11:35-06:00" level=debug msg="latency 241.58µs, throughput(ops/sec) 4139.399315179001"
time="2020-02-17T01:11:35-06:00" level=debug msg="latency 242.229µs, throughput(ops/sec) 4128.318810092618"
time="2020-02-17T01:11:35-06:00" level=debug msg="latency 242.277µs, throughput(ops/sec) 4127.500323204669"
time="2020-02-17T01:11:35-06:00" level=debug msg="latency 241.529µs, throughput(ops/sec) 4140.279348682059"
time="2020-02-17T01:11:45-06:00" level=debug msg="latency 241.476µs, throughput(ops/sec) 4141.188048423385"
time="2020-02-17T01:11:45-06:00" level=debug msg="latency 241.47µs, throughput(ops/sec) 4141.286336396191"
time="2020-02-17T01:11:45-06:00" level=debug msg="latency 241.688µs, throughput(ops/sec) 4137.558822159404"
time="2020-02-17T01:11:45-06:00" level=debug msg="latency 241.507µs, throughput(ops/sec) 4140.663702561135"
time="2020-02-17T01:11:45-06:00" level=debug msg="latency 241.501µs, throughput(ops/sec) 4140.758055068715"
time="2020-02-17T01:11:45-06:00" level=debug msg="latency 241.472µs, throughput(ops/sec) 4141.256477783033"
time="2020-02-17T01:11:45-06:00" level=debug msg="latency 241.445µs, throughput(ops/sec) 4141.71836283098"
time="2020-02-17T01:11:45-06:00" level=debug msg="latency 242.083µs, throughput(ops/sec) 4130.801246323212"
time="2020-02-17T01:11:45-06:00" level=debug msg="latency 241.411µs, throughput(ops/sec) 4142.30045889596"
time="2020-02-17T01:11:45-06:00" level=debug msg="latency 241.436µs, throughput(ops/sec) 4141.873448588607"
time="2020-02-17T01:11:45-06:00" level=debug msg="latency 241.447µs, throughput(ops/sec) 4141.693944322269"
time="2020-02-17T01:11:45-06:00" level=debug msg="latency 241.466µs, throughput(ops/sec) 4141.353525311617"
time="2020-02-17T01:11:45-06:00" level=debug msg="latency 241.458µs, throughput(ops/sec) 4141.4941602427825"
time="2020-02-17T01:11:45-06:00" level=debug msg="latency 242.119µs, throughput(ops/sec) 4130.183493420529"
time="2020-02-17T01:11:45-06:00" level=debug msg="latency 242.226µs, throughput(ops/sec) 4128.3713328008125"
time="2020-02-17T01:11:45-06:00" level=debug msg="latency 241.471µs, throughput(ops/sec) 4141.269198185017"
time="2020-02-17T01:11:55-06:00" level=debug msg="latency 241.362µs, throughput(ops/sec) 4143.148759709819"
time="2020-02-17T01:11:55-06:00" level=debug msg="latency 241.362µs, throughput(ops/sec) 4143.144104153768"
time="2020-02-17T01:11:55-06:00" level=debug msg="latency 241.667µs, throughput(ops/sec) 4137.920034297823"
time="2020-02-17T01:11:55-06:00" level=debug msg="latency 241.352µs, throughput(ops/sec) 4143.316510742073"
time="2020-02-17T01:11:55-06:00" level=debug msg="latency 241.498µs, throughput(ops/sec) 4140.817719078414"
time="2020-02-17T01:11:55-06:00" level=debug msg="latency 241.336µs, throughput(ops/sec) 4143.5878683521405"
time="2020-02-17T01:11:55-06:00" level=debug msg="latency 241.956µs, throughput(ops/sec) 4132.974885804073"
time="2020-02-17T01:11:55-06:00" level=debug msg="latency 241.314µs, throughput(ops/sec) 4143.966044652809"
time="2020-02-17T01:11:55-06:00" level=debug msg="latency 241.307µs, throughput(ops/sec) 4144.08962949081"
time="2020-02-17T01:11:55-06:00" level=debug msg="latency 241.311µs, throughput(ops/sec) 4144.0137542039665"
time="2020-02-17T01:11:55-06:00" level=debug msg="latency 241.344µs, throughput(ops/sec) 4143.449513050616"
time="2020-02-17T01:11:55-06:00" level=debug msg="latency 241.344µs, throughput(ops/sec) 4143.450623446612"
time="2020-02-17T01:11:55-06:00" level=debug msg="latency 241.362µs, throughput(ops/sec) 4143.153215082891"
time="2020-02-17T01:11:55-06:00" level=debug msg="latency 242.018µs, throughput(ops/sec) 4131.917636837113"
time="2020-02-17T01:11:55-06:00" level=debug msg="latency 242.101µs, throughput(ops/sec) 4130.492892413281"
time="2020-02-17T01:11:55-06:00" level=debug msg="latency 241.322µs, throughput(ops/sec) 4143.824232092842"
time="2020-02-17T01:12:05-06:00" level=debug msg="latency 241.212µs, throughput(ops/sec) 4145.72517961293"
time="2020-02-17T01:12:05-06:00" level=debug msg="latency 241.233µs, throughput(ops/sec) 4145.356701676582"
time="2020-02-17T01:12:05-06:00" level=debug msg="latency 241.57µs, throughput(ops/sec) 4139.573795535732"
time="2020-02-17T01:12:05-06:00" level=debug msg="latency 241.219µs, throughput(ops/sec) 4145.595294301278"
time="2020-02-17T01:12:05-06:00" level=debug msg="latency 241.408µs, throughput(ops/sec) 4142.356887280621"
time="2020-02-17T01:12:05-06:00" level=debug msg="latency 241.216µs, throughput(ops/sec) 4145.644831616857"
time="2020-02-17T01:12:05-06:00" level=debug msg="latency 241.202µs, throughput(ops/sec) 4145.899871560215"
time="2020-02-17T01:12:05-06:00" level=debug msg="latency 241.877µs, throughput(ops/sec) 4134.327557175249"
time="2020-02-17T01:12:05-06:00" level=debug msg="latency 241.184µs, throughput(ops/sec) 4146.210107268808"
time="2020-02-17T01:12:05-06:00" level=debug msg="latency 241.195µs, throughput(ops/sec) 4146.018567405025"
time="2020-02-17T01:12:05-06:00" level=debug msg="latency 241.216µs, throughput(ops/sec) 4145.66159072935"
time="2020-02-17T01:12:05-06:00" level=debug msg="latency 241.239µs, throughput(ops/sec) 4145.252041956247"
time="2020-02-17T01:12:05-06:00" level=debug msg="latency 241.23µs, throughput(ops/sec) 4145.410411282906"
time="2020-02-17T01:12:05-06:00" level=debug msg="latency 241.899µs, throughput(ops/sec) 4133.956136633668"
time="2020-02-17T01:12:05-06:00" level=debug msg="latency 241.977µs, throughput(ops/sec) 4132.620956876259"
time="2020-02-17T01:12:05-06:00" level=debug msg="latency 241.2µs, throughput(ops/sec) 4145.931014706236"
time="2020-02-17T01:12:15-06:00" level=debug msg="latency 241.098µs, throughput(ops/sec) 4147.68052070864"
time="2020-02-17T01:12:15-06:00" level=info msg="latency 241.098µs, throughput(ops/sec) 4147.680676225688"
time="2020-02-17T01:12:15-06:00" level=debug msg="latency 241.124µs, throughput(ops/sec) 4147.238103568549"
time="2020-02-17T01:12:15-06:00" level=info msg="latency 241.124µs, throughput(ops/sec) 4147.238544237337"
time="2020-02-17T01:12:15-06:00" level=debug msg="latency 241.465µs, throughput(ops/sec) 4141.378873668964"
time="2020-02-17T01:12:15-06:00" level=info msg="latency 241.467µs, throughput(ops/sec) 4141.347465845716"
time="2020-02-17T01:12:15-06:00" level=debug msg="latency 241.104µs, throughput(ops/sec) 4147.575667536908"
time="2020-02-17T01:12:15-06:00" level=info msg="latency 241.104µs, throughput(ops/sec) 4147.575667536908"
time="2020-02-17T01:12:15-06:00" level=debug msg="latency 241.36µs, throughput(ops/sec) 4143.1730313695425"
time="2020-02-17T01:12:15-06:00" level=info msg="latency 241.36µs, throughput(ops/sec) 4143.1730313695425"
time="2020-02-17T01:12:15-06:00" level=info msg="latency 241.096µs, throughput(ops/sec) 4147.718776613637"
time="2020-02-17T01:12:15-06:00" level=debug msg="latency 241.086µs, throughput(ops/sec) 4147.88863650929"
time="2020-02-17T01:12:15-06:00" level=debug msg="latency 241.776µs, throughput(ops/sec) 4136.057711217046"
time="2020-02-17T01:12:15-06:00" level=info msg="latency 241.086µs, throughput(ops/sec) 4147.8826436225845"
time="2020-02-17T01:12:15-06:00" level=debug msg="latency 241.074µs, throughput(ops/sec) 4148.103310466396"
time="2020-02-17T01:12:15-06:00" level=info msg="latency 241.776µs, throughput(ops/sec) 4136.057183797017"
time="2020-02-17T01:12:15-06:00" level=debug msg="latency 241.092µs, throughput(ops/sec) 4147.777290870111"
time="2020-02-17T01:12:15-06:00" level=info msg="latency 241.093µs, throughput(ops/sec) 4147.774370014969"
time="2020-02-17T01:12:15-06:00" level=debug msg="latency 241.128µs, throughput(ops/sec) 4147.166908126324"
time="2020-02-17T01:12:15-06:00" level=debug msg="latency 241.135µs, throughput(ops/sec) 4147.042080902893"
time="2020-02-17T01:12:15-06:00" level=info msg="latency 241.136µs, throughput(ops/sec) 4147.034319755067"
time="2020-02-17T01:12:15-06:00" level=info msg="latency 241.13µs, throughput(ops/sec) 4147.1335844357045"
time="2020-02-17T01:12:15-06:00" level=info msg="latency 241.075µs, throughput(ops/sec) 4148.072430475337"
time="2020-02-17T01:12:15-06:00" level=debug msg="latency 241.135µs, throughput(ops/sec) 4147.0521343837545"
time="2020-02-17T01:12:15-06:00" level=info msg="latency 241.135µs, throughput(ops/sec) 4147.054158615823"
time="2020-02-17T01:12:15-06:00" level=debug msg="latency 241.769µs, throughput(ops/sec) 4136.17169041939"
time="2020-02-17T01:12:15-06:00" level=info msg="latency 241.769µs, throughput(ops/sec) 4136.1724858006255"
time="2020-02-17T01:12:15-06:00" level=debug msg="latency 241.887µs, throughput(ops/sec) 4134.150352931754"
time="2020-02-17T01:12:15-06:00" level=info msg="latency 241.887µs, throughput(ops/sec) 4134.152151664589"
time="2020-02-17T01:12:15-06:00" level=debug msg="latency 241.094µs, throughput(ops/sec) 4147.745887589678"
time="2020-02-17T01:12:15-06:00" level=info msg="latency 241.095µs, throughput(ops/sec) 4147.74251746203"

=== DONE EXP3 READ TEST    ===


==============================
=== EXP3 READ/WRITE TEST   ===
==============================

spawning client 1
spawning client 2
spawning client 3
spawning client 4
spawning client 5
spawning client 6
spawning client 7
spawning client 8
spawning client 9
spawning client 10
spawning client 11
spawning client 12
spawning client 13
spawning client 14
spawning client 15
spawning client 16
time="2020-02-17T01:12:16-06:00" level=info msg="trying to connect to server at 10.10.1.2:10000"
time="2020-02-17T01:12:16-06:00" level=info msg="trying to connect to server at 10.10.1.2:10000"
time="2020-02-17T01:12:16-06:00" level=info msg="trying to connect to server at 10.10.1.2:10000"
time="2020-02-17T01:12:16-06:00" level=info msg="trying to connect to server at 10.10.1.2:10000"
time="2020-02-17T01:12:16-06:00" level=info msg="connected to 10.10.1.2:10000"
time="2020-02-17T01:12:16-06:00" level=info msg="connected to 10.10.1.2:10000"
time="2020-02-17T01:12:16-06:00" level=debug msg=getAveRWLatency
time="2020-02-17T01:12:16-06:00" level=debug msg=getAveRWLatency
time="2020-02-17T01:12:16-06:00" level=info msg="connected to 10.10.1.2:10000"
time="2020-02-17T01:12:16-06:00" level=debug msg=getAveRWLatency
time="2020-02-17T01:12:16-06:00" level=info msg="trying to connect to server at 10.10.1.2:10000"
time="2020-02-17T01:12:16-06:00" level=info msg="trying to connect to server at 10.10.1.2:10000"
time="2020-02-17T01:12:16-06:00" level=info msg="trying to connect to server at 10.10.1.2:10000"
time="2020-02-17T01:12:16-06:00" level=info msg="connected to 10.10.1.2:10000"
time="2020-02-17T01:12:16-06:00" level=debug msg=getAveRWLatency
time="2020-02-17T01:12:16-06:00" level=info msg="connected to 10.10.1.2:10000"
time="2020-02-17T01:12:16-06:00" level=debug msg=getAveRWLatency
time="2020-02-17T01:12:16-06:00" level=info msg="connected to 10.10.1.2:10000"
time="2020-02-17T01:12:16-06:00" level=debug msg=getAveRWLatency
time="2020-02-17T01:12:16-06:00" level=info msg="connected to 10.10.1.2:10000"
time="2020-02-17T01:12:16-06:00" level=debug msg=getAveRWLatency
time="2020-02-17T01:12:16-06:00" level=info msg="trying to connect to server at 10.10.1.2:10000"
time="2020-02-17T01:12:16-06:00" level=info msg="trying to connect to server at 10.10.1.2:10000"
time="2020-02-17T01:12:16-06:00" level=info msg="trying to connect to server at 10.10.1.2:10000"
time="2020-02-17T01:12:16-06:00" level=info msg="connected to 10.10.1.2:10000"
time="2020-02-17T01:12:16-06:00" level=debug msg=getAveRWLatency
time="2020-02-17T01:12:16-06:00" level=info msg="trying to connect to server at 10.10.1.2:10000"
time="2020-02-17T01:12:16-06:00" level=info msg="connected to 10.10.1.2:10000"
time="2020-02-17T01:12:16-06:00" level=debug msg=getAveRWLatency
time="2020-02-17T01:12:16-06:00" level=info msg="connected to 10.10.1.2:10000"
time="2020-02-17T01:12:16-06:00" level=debug msg=getAveRWLatency
time="2020-02-17T01:12:16-06:00" level=info msg="connected to 10.10.1.2:10000"
time="2020-02-17T01:12:16-06:00" level=debug msg=getAveRWLatency
time="2020-02-17T01:12:16-06:00" level=info msg="trying to connect to server at 10.10.1.2:10000"
time="2020-02-17T01:12:16-06:00" level=info msg="trying to connect to server at 10.10.1.2:10000"
time="2020-02-17T01:12:16-06:00" level=info msg="trying to connect to server at 10.10.1.2:10000"
time="2020-02-17T01:12:16-06:00" level=info msg="trying to connect to server at 10.10.1.2:10000"
time="2020-02-17T01:12:16-06:00" level=info msg="connected to 10.10.1.2:10000"
time="2020-02-17T01:12:16-06:00" level=debug msg=getAveRWLatency
time="2020-02-17T01:12:16-06:00" level=info msg="connected to 10.10.1.2:10000"
time="2020-02-17T01:12:16-06:00" level=debug msg=getAveRWLatency
time="2020-02-17T01:12:16-06:00" level=info msg="trying to connect to server at 10.10.1.2:10000"
time="2020-02-17T01:12:16-06:00" level=info msg="connected to 10.10.1.2:10000"
time="2020-02-17T01:12:16-06:00" level=debug msg=getAveRWLatency
time="2020-02-17T01:12:16-06:00" level=info msg="connected to 10.10.1.2:10000"
time="2020-02-17T01:12:16-06:00" level=debug msg=getAveRWLatency
time="2020-02-17T01:12:16-06:00" level=info msg="connected to 10.10.1.2:10000"
time="2020-02-17T01:12:16-06:00" level=debug msg=getAveRWLatency
time="2020-02-17T01:12:26-06:00" level=debug msg="readLatency 568.253µs, writeLatency 21.791807ms, throughput(ops/sec) 88.86482080785488"
time="2020-02-17T01:12:26-06:00" level=debug msg="readLatency 555.045µs, writeLatency 21.814052ms, throughput(ops/sec) 88.82818486637339"
time="2020-02-17T01:12:26-06:00" level=debug msg="readLatency 539.326µs, writeLatency 21.77635ms, throughput(ops/sec) 88.94438080016087"
time="2020-02-17T01:12:26-06:00" level=debug msg="readLatency 533.794µs, writeLatency 21.81774ms, throughput(ops/sec) 88.89685390200873"
time="2020-02-17T01:12:26-06:00" level=debug msg="readLatency 551.122µs, writeLatency 21.78482ms, throughput(ops/sec) 88.95987324540218"
time="2020-02-17T01:12:26-06:00" level=debug msg="readLatency 559.874µs, writeLatency 21.792335ms, throughput(ops/sec) 88.89558486499783"
time="2020-02-17T01:12:26-06:00" level=debug msg="readLatency 558.388µs, writeLatency 21.722848ms, throughput(ops/sec) 89.0831291405494"
time="2020-02-17T01:12:26-06:00" level=debug msg="readLatency 542.108µs, writeLatency 21.817696ms, throughput(ops/sec) 88.8644143428642"
time="2020-02-17T01:12:26-06:00" level=debug msg="readLatency 543.325µs, writeLatency 21.817298ms, throughput(ops/sec) 88.86122843563669"
time="2020-02-17T01:12:26-06:00" level=debug msg="readLatency 543.14µs, writeLatency 21.773973ms, throughput(ops/sec) 89.03451739404788"
time="2020-02-17T01:12:26-06:00" level=debug msg="readLatency 560.647µs, writeLatency 21.79633ms, throughput(ops/sec) 88.876661625542"
time="2020-02-17T01:12:26-06:00" level=debug msg="readLatency 560.754µs, writeLatency 21.785013ms, throughput(ops/sec) 88.92126884832422"
time="2020-02-17T01:12:26-06:00" level=debug msg="readLatency 556.348µs, writeLatency 21.847902ms, throughput(ops/sec) 88.49366863397198"
time="2020-02-17T01:12:26-06:00" level=debug msg="readLatency 560.252µs, writeLatency 21.78992ms, throughput(ops/sec) 88.903709898584"
time="2020-02-17T01:12:26-06:00" level=debug msg="readLatency 536.772µs, writeLatency 21.810387ms, throughput(ops/sec) 88.9144228905484"
time="2020-02-17T01:12:26-06:00" level=debug msg="readLatency 569.472µs, writeLatency 21.777388ms, throughput(ops/sec) 88.91739272325147"
time="2020-02-17T01:12:36-06:00" level=debug msg="readLatency 538.889µs, writeLatency 21.680611ms, throughput(ops/sec) 91.1257382467384"
time="2020-02-17T01:12:36-06:00" level=debug msg="readLatency 536.968µs, writeLatency 21.692086ms, throughput(ops/sec) 91.08680309950401"
time="2020-02-17T01:12:36-06:00" level=debug msg="readLatency 514.392µs, writeLatency 21.698924ms, throughput(ops/sec) 91.15244526202893"
time="2020-02-17T01:12:36-06:00" level=debug msg="readLatency 524.716µs, writeLatency 21.696119ms, throughput(ops/sec) 91.12177907367185"
time="2020-02-17T01:12:36-06:00" level=debug msg="readLatency 530.417µs, writeLatency 21.650443ms, throughput(ops/sec) 91.28402628332192"
time="2020-02-17T01:12:36-06:00" level=debug msg="readLatency 541.761µs, writeLatency 21.655019ms, throughput(ops/sec) 91.21864694293403"
time="2020-02-17T01:12:36-06:00" level=debug msg="readLatency 526.704µs, writeLatency 21.672911ms, throughput(ops/sec) 91.2073531714012"
time="2020-02-17T01:12:36-06:00" level=debug msg="readLatency 524.452µs, writeLatency 21.701959ms, throughput(ops/sec) 91.09896150429635"
time="2020-02-17T01:12:36-06:00" level=debug msg="readLatency 529.091µs, writeLatency 21.694984ms, throughput(ops/sec) 91.10803622535678"
time="2020-02-17T01:12:36-06:00" level=debug msg="readLatency 525.703µs, writeLatency 21.662135ms, throughput(ops/sec) 91.25710677446031"
time="2020-02-17T01:12:36-06:00" level=debug msg="readLatency 527.027µs, writeLatency 21.676794ms, throughput(ops/sec) 91.19005071858953"
time="2020-02-17T01:12:36-06:00" level=debug msg="readLatency 525.512µs, writeLatency 21.696611ms, throughput(ops/sec) 91.11641929496733"
time="2020-02-17T01:12:36-06:00" level=debug msg="readLatency 515.895µs, writeLatency 21.737312ms, throughput(ops/sec) 91.04003710686005"
time="2020-02-17T01:12:36-06:00" level=debug msg="readLatency 540.147µs, writeLatency 21.682706ms, throughput(ops/sec) 91.11186323821234"
time="2020-02-17T01:12:36-06:00" level=debug msg="readLatency 518.005µs, writeLatency 21.702001ms, throughput(ops/sec) 91.12589447080055"
time="2020-02-17T01:12:36-06:00" level=debug msg="readLatency 538.109µs, writeLatency 21.704601ms, throughput(ops/sec) 91.08050018242444"
time="2020-02-17T01:12:46-06:00" level=debug msg="readLatency 527.66µs, writeLatency 21.736801ms, throughput(ops/sec) 90.2818991615592"
time="2020-02-17T01:12:46-06:00" level=debug msg="readLatency 524.073µs, writeLatency 21.747947ms, throughput(ops/sec) 90.25141712388375"
time="2020-02-17T01:12:46-06:00" level=debug msg="readLatency 507.529µs, writeLatency 21.757704ms, throughput(ops/sec) 90.37636708497548"
time="2020-02-17T01:12:46-06:00" level=debug msg="readLatency 521.967µs, writeLatency 21.743174ms, throughput(ops/sec) 90.27938346534044"
time="2020-02-17T01:12:46-06:00" level=debug msg="readLatency 530.117µs, writeLatency 21.711456ms, throughput(ops/sec) 90.37467415399341"
time="2020-02-17T01:12:46-06:00" level=debug msg="readLatency 517.606µs, writeLatency 21.756138ms, throughput(ops/sec) 90.24471391459325"
time="2020-02-17T01:12:46-06:00" level=debug msg="readLatency 518.401µs, writeLatency 21.712662ms, throughput(ops/sec) 90.51466750086986"
time="2020-02-17T01:12:46-06:00" level=debug msg="readLatency 522.641µs, writeLatency 21.744001ms, throughput(ops/sec) 90.27327297883981"
time="2020-02-17T01:12:46-06:00" level=debug msg="readLatency 523.396µs, writeLatency 21.745509ms, throughput(ops/sec) 90.26406693771646"
time="2020-02-17T01:12:46-06:00" level=debug msg="readLatency 520.703µs, writeLatency 21.712578ms, throughput(ops/sec) 90.40877754023303"
time="2020-02-17T01:12:46-06:00" level=debug msg="readLatency 515.531µs, writeLatency 21.741273ms, throughput(ops/sec) 90.41016589823195"
time="2020-02-17T01:12:46-06:00" level=debug msg="readLatency 509.441µs, writeLatency 21.780232ms, throughput(ops/sec) 90.11618962042643"
time="2020-02-17T01:12:46-06:00" level=debug msg="readLatency 507.59µs, writeLatency 21.781219ms, throughput(ops/sec) 90.11974891958796"
time="2020-02-17T01:12:46-06:00" level=debug msg="readLatency 531.517µs, writeLatency 21.736186ms, throughput(ops/sec) 90.26858986133041"
time="2020-02-17T01:12:46-06:00" level=debug msg="readLatency 511.004µs, writeLatency 21.752732ms, throughput(ops/sec) 90.28555273120945"
time="2020-02-17T01:12:46-06:00" level=debug msg="readLatency 519.929µs, writeLatency 21.762473ms, throughput(ops/sec) 90.14519909118714"
time="2020-02-17T01:12:56-06:00" level=debug msg="readLatency 519.459µs, writeLatency 21.752074ms, throughput(ops/sec) 90.86843358360761"
time="2020-02-17T01:12:56-06:00" level=debug msg="readLatency 517.926µs, writeLatency 21.760655ms, throughput(ops/sec) 90.83985857273716"
time="2020-02-17T01:12:56-06:00" level=debug msg="readLatency 501.089µs, writeLatency 21.765347ms, throughput(ops/sec) 90.86560596572174"
time="2020-02-17T01:12:56-06:00" level=debug msg="readLatency 513.055µs, writeLatency 21.762827ms, throughput(ops/sec) 90.85135280842093"
time="2020-02-17T01:12:56-06:00" level=debug msg="readLatency 526.113µs, writeLatency 21.723127ms, throughput(ops/sec) 90.95874808769001"
time="2020-02-17T01:12:56-06:00" level=debug msg="readLatency 517.327µs, writeLatency 21.760409ms, throughput(ops/sec) 90.84336160310076"
time="2020-02-17T01:12:56-06:00" level=debug msg="readLatency 512.862µs, writeLatency 21.742097ms, throughput(ops/sec) 90.9367385421034"
time="2020-02-17T01:12:56-06:00" level=debug msg="readLatency 517.885µs, writeLatency 21.759566ms, throughput(ops/sec) 90.84447142291702"
time="2020-02-17T01:12:56-06:00" level=debug msg="readLatency 518.435µs, writeLatency 21.757597ms, throughput(ops/sec) 90.85019441688777"
time="2020-02-17T01:12:56-06:00" level=debug msg="readLatency 509.464µs, writeLatency 21.733196ms, throughput(ops/sec) 90.98734102098226"
time="2020-02-17T01:12:56-06:00" level=debug msg="readLatency 505.644µs, writeLatency 21.75188ms, throughput(ops/sec) 90.90151934193861"
time="2020-02-17T01:12:56-06:00" level=debug msg="readLatency 502.098µs, writeLatency 21.777374ms, throughput(ops/sec) 90.83783457731523"
time="2020-02-17T01:12:56-06:00" level=debug msg="readLatency 503.935µs, writeLatency 21.774886ms, throughput(ops/sec) 90.84030158758752"
time="2020-02-17T01:12:56-06:00" level=debug msg="readLatency 521.723µs, writeLatency 21.755081ms, throughput(ops/sec) 90.84671447458085"
time="2020-02-17T01:12:56-06:00" level=debug msg="readLatency 505.444µs, writeLatency 21.765658ms, throughput(ops/sec) 90.87161818429688"
time="2020-02-17T01:12:56-06:00" level=debug msg="readLatency 509.721µs, writeLatency 21.766875ms, throughput(ops/sec) 90.84878348548774"
time="2020-02-17T01:13:06-06:00" level=debug msg="readLatency 516.411µs, writeLatency 21.818573ms, throughput(ops/sec) 91.1761138608518"
time="2020-02-17T01:13:06-06:00" level=debug msg="readLatency 519.804µs, writeLatency 21.809827ms, throughput(ops/sec) 91.19742584641048"
time="2020-02-17T01:13:06-06:00" level=debug msg="readLatency 499.836µs, writeLatency 21.830692ms, throughput(ops/sec) 91.21480230453629"
time="2020-02-17T01:13:06-06:00" level=debug msg="readLatency 514.619µs, writeLatency 21.818478ms, throughput(ops/sec) 91.18408996964457"
time="2020-02-17T01:13:06-06:00" level=debug msg="readLatency 523.954µs, writeLatency 21.782186ms, throughput(ops/sec) 91.29273210228865"
time="2020-02-17T01:13:06-06:00" level=debug msg="readLatency 518.33µs, writeLatency 21.817347ms, throughput(ops/sec) 91.17298879773861"
time="2020-02-17T01:13:06-06:00" level=debug msg="readLatency 513.266µs, writeLatency 21.798847ms, throughput(ops/sec) 91.26998216601682"
time="2020-02-17T01:13:06-06:00" level=debug msg="readLatency 517.172µs, writeLatency 21.816768ms, throughput(ops/sec) 91.18025682242018"
time="2020-02-17T01:13:06-06:00" level=debug msg="readLatency 522.344µs, writeLatency 21.812086ms, throughput(ops/sec) 91.17744859051929"
time="2020-02-17T01:13:06-06:00" level=debug msg="readLatency 512.059µs, writeLatency 21.78921ms, throughput(ops/sec) 91.31451241294747"
time="2020-02-17T01:13:06-06:00" level=debug msg="readLatency 502.859µs, writeLatency 21.821263ms, throughput(ops/sec) 91.24048029309522"
time="2020-02-17T01:13:06-06:00" level=debug msg="readLatency 506.685µs, writeLatency 21.830965ms, throughput(ops/sec) 91.16675808708744"
time="2020-02-17T01:13:06-06:00" level=debug msg="readLatency 504.621µs, writeLatency 21.829179ms, throughput(ops/sec) 91.18278287244156"
time="2020-02-17T01:13:06-06:00" level=debug msg="readLatency 522.794µs, writeLatency 21.812328ms, throughput(ops/sec) 91.1745552956293"
time="2020-02-17T01:13:06-06:00" level=debug msg="readLatency 510.38µs, writeLatency 21.820523ms, throughput(ops/sec) 91.19370322027915"
time="2020-02-17T01:13:06-06:00" level=debug msg="readLatency 511.159µs, writeLatency 21.820926ms, throughput(ops/sec) 91.1887574595367"
time="2020-02-17T01:13:16-06:00" level=debug msg="readLatency 515.757µs, writeLatency 21.807921ms, throughput(ops/sec) 90.99843308125674"
time="2020-02-17T01:13:16-06:00" level=debug msg="readLatency 512.211µs, writeLatency 21.806976ms, throughput(ops/sec) 91.01667069753645"
time="2020-02-17T01:13:16-06:00" level=debug msg="readLatency 496.227µs, writeLatency 21.838088ms, throughput(ops/sec) 90.9572091708618"
time="2020-02-17T01:13:16-06:00" level=debug msg="readLatency 512.43µs, writeLatency 21.803487ms, throughput(ops/sec) 91.02996712102899"
time="2020-02-17T01:13:16-06:00" level=debug msg="readLatency 520.496µs, writeLatency 21.77669ms, throughput(ops/sec) 91.10583211104024"
time="2020-02-17T01:13:16-06:00" level=debug msg="readLatency 513.211µs, writeLatency 21.824339ms, throughput(ops/sec) 90.94283714858953"
time="2020-02-17T01:13:16-06:00" level=debug msg="readLatency 509.084µs, writeLatency 21.777993ms, throughput(ops/sec) 91.14758990226193"
time="2020-02-17T01:13:16-06:00" level=debug msg="readLatency 514.619µs, writeLatency 21.802299ms, throughput(ops/sec) 91.0255971854263"
time="2020-02-17T01:13:16-06:00" level=debug msg="readLatency 515.916µs, writeLatency 21.802231ms, throughput(ops/sec) 91.02041250749703"
time="2020-02-17T01:13:16-06:00" level=debug msg="readLatency 507.586µs, writeLatency 21.779228ms, throughput(ops/sec) 91.1494022746529"
time="2020-02-17T01:13:16-06:00" level=debug msg="readLatency 499.673µs, writeLatency 21.82102ms, throughput(ops/sec) 91.01168633553048"
time="2020-02-17T01:13:16-06:00" level=debug msg="readLatency 503.033µs, writeLatency 21.826884ms, throughput(ops/sec) 90.97473512856743"
time="2020-02-17T01:13:16-06:00" level=debug msg="readLatency 504.699µs, writeLatency 21.822346ms, throughput(ops/sec) 90.9862062770861"
time="2020-02-17T01:13:16-06:00" level=debug msg="readLatency 516.841µs, writeLatency 21.811454ms, throughput(ops/sec) 90.97948400900684"
time="2020-02-17T01:13:16-06:00" level=debug msg="readLatency 508.03µs, writeLatency 21.79944ms, throughput(ops/sec) 91.06447246420997"
time="2020-02-17T01:13:16-06:00" level=debug msg="readLatency 506.899µs, writeLatency 21.819048ms, throughput(ops/sec) 90.99037923928567"
time="2020-02-17T01:13:26-06:00" level=debug msg="readLatency 513.39µs, writeLatency 21.781118ms, throughput(ops/sec) 91.1643199927348"
time="2020-02-17T01:13:26-06:00" level=debug msg="readLatency 507.671µs, writeLatency 21.777068ms, throughput(ops/sec) 91.19024319024803"
time="2020-02-17T01:13:26-06:00" level=debug msg="readLatency 495.921µs, writeLatency 21.801818ms, throughput(ops/sec) 91.13873452705839"
time="2020-02-17T01:13:26-06:00" level=debug msg="readLatency 507.909µs, writeLatency 21.773474ms, throughput(ops/sec) 91.20393480557367"
time="2020-02-17T01:13:26-06:00" level=debug msg="readLatency 514.531µs, writeLatency 21.762311ms, throughput(ops/sec) 91.25073794142499"
time="2020-02-17T01:13:26-06:00" level=debug msg="readLatency 505.817µs, writeLatency 21.802448ms, throughput(ops/sec) 91.1235299395381"
time="2020-02-17T01:13:26-06:00" level=debug msg="readLatency 506.527µs, writeLatency 21.748036ms, throughput(ops/sec) 91.29961182255056"
time="2020-02-17T01:13:26-06:00" level=debug msg="readLatency 509.726µs, writeLatency 21.773009ms, throughput(ops/sec) 91.19815320131379"
time="2020-02-17T01:13:26-06:00" level=debug msg="readLatency 510.869µs, writeLatency 21.772147ms, throughput(ops/sec) 91.19684805254913"
time="2020-02-17T01:13:26-06:00" level=debug msg="readLatency 505.451µs, writeLatency 21.746589ms, throughput(ops/sec) 91.32444800262039"
time="2020-02-17T01:13:26-06:00" level=debug msg="readLatency 495.856µs, writeLatency 21.792267ms, throughput(ops/sec) 91.16369770604595"
time="2020-02-17T01:13:26-06:00" level=debug msg="readLatency 501.422µs, writeLatency 21.80588ms, throughput(ops/sec) 91.12808017889259"
time="2020-02-17T01:13:26-06:00" level=debug msg="readLatency 500.289µs, writeLatency 21.807608ms, throughput(ops/sec) 91.12581293019973"
time="2020-02-17T01:13:26-06:00" level=debug msg="readLatency 512.32µs, writeLatency 21.795769ms, throughput(ops/sec) 91.12333802319948"
time="2020-02-17T01:13:26-06:00" level=debug msg="readLatency 506.86µs, writeLatency 21.776049ms, throughput(ops/sec) 91.197839472354"
time="2020-02-17T01:13:26-06:00" level=debug msg="readLatency 504.496µs, writeLatency 21.793558ms, throughput(ops/sec) 91.15107062393298"
time="2020-02-17T01:13:36-06:00" level=debug msg="readLatency 506.008µs, writeLatency 21.745817ms, throughput(ops/sec) 90.41449378901554"
time="2020-02-17T01:13:36-06:00" level=debug msg="readLatency 509.107µs, writeLatency 21.753313ms, throughput(ops/sec) 90.37162217638115"
time="2020-02-17T01:13:36-06:00" level=debug msg="readLatency 493.916µs, writeLatency 21.775943ms, throughput(ops/sec) 90.32991394939306"
time="2020-02-17T01:13:36-06:00" level=debug msg="readLatency 504.787µs, writeLatency 21.750492ms, throughput(ops/sec) 90.38853722483476"
time="2020-02-17T01:13:36-06:00" level=debug msg="readLatency 512.052µs, writeLatency 21.72949ms, throughput(ops/sec) 90.45643031611391"
time="2020-02-17T01:13:36-06:00" level=debug msg="readLatency 502.478µs, writeLatency 21.76802ms, throughput(ops/sec) 90.33933920471586"
time="2020-02-17T01:13:36-06:00" level=debug msg="readLatency 504.343µs, writeLatency 21.71849ms, throughput(ops/sec) 90.55665440434791"
time="2020-02-17T01:13:36-06:00" level=debug msg="readLatency 508.474µs, writeLatency 21.742253ms, throughput(ops/sec) 90.41883198110125"
time="2020-02-17T01:13:36-06:00" level=debug msg="readLatency 508.277µs, writeLatency 21.742632ms, throughput(ops/sec) 90.41809912146549"
time="2020-02-17T01:13:36-06:00" level=debug msg="readLatency 502.175µs, writeLatency 21.716795ms, throughput(ops/sec) 90.54834554882726"
time="2020-02-17T01:13:36-06:00" level=debug msg="readLatency 493.575µs, writeLatency 21.762106ms, throughput(ops/sec) 90.42360502373822"
time="2020-02-17T01:13:36-06:00" level=debug msg="readLatency 500.282µs, writeLatency 21.771418ms, throughput(ops/sec) 90.33457280166027"
time="2020-02-17T01:13:36-06:00" level=debug msg="readLatency 499.02µs, writeLatency 21.772232ms, throughput(ops/sec) 90.33645402786749"
time="2020-02-17T01:13:36-06:00" level=debug msg="readLatency 509.135µs, writeLatency 21.763596ms, throughput(ops/sec) 90.32994914798105"
time="2020-02-17T01:13:36-06:00" level=debug msg="readLatency 503.377µs, writeLatency 21.753289ms, throughput(ops/sec) 90.3829748551672"
time="2020-02-17T01:13:36-06:00" level=debug msg="readLatency 500.75µs, writeLatency 21.763829ms, throughput(ops/sec) 90.36328547234409"
time="2020-02-17T01:13:46-06:00" level=debug msg="readLatency 506.105µs, writeLatency 21.749042ms, throughput(ops/sec) 90.46055235760511"
time="2020-02-17T01:13:46-06:00" level=debug msg="readLatency 503.628µs, writeLatency 21.739333ms, throughput(ops/sec) 90.48820142932745"
time="2020-02-17T01:13:46-06:00" level=debug msg="readLatency 491.325µs, writeLatency 21.767118ms, throughput(ops/sec) 90.43689289951487"
time="2020-02-17T01:13:46-06:00" level=debug msg="readLatency 501.589µs, writeLatency 21.750114ms, throughput(ops/sec) 90.46385905010958"
time="2020-02-17T01:13:46-06:00" level=debug msg="readLatency 509.835µs, writeLatency 21.719432ms, throughput(ops/sec) 90.56562914663989"
time="2020-02-17T01:13:46-06:00" level=debug msg="readLatency 501.69µs, writeLatency 21.756861ms, throughput(ops/sec) 90.43602924199202"
time="2020-02-17T01:13:46-06:00" level=debug msg="readLatency 501.577µs, writeLatency 21.717734ms, throughput(ops/sec) 90.57365764327268"
time="2020-02-17T01:13:46-06:00" level=debug msg="readLatency 506.411µs, writeLatency 21.735167ms, throughput(ops/sec) 90.49353681968101"
time="2020-02-17T01:13:46-06:00" level=debug msg="readLatency 506.78µs, writeLatency 21.73458ms, throughput(ops/sec) 90.49440045006065"
time="2020-02-17T01:13:46-06:00" level=debug msg="readLatency 500.909µs, writeLatency 21.708571ms, throughput(ops/sec) 90.62458231488745"
time="2020-02-17T01:13:46-06:00" level=debug msg="readLatency 493.045µs, writeLatency 21.753926ms, throughput(ops/sec) 90.46139067118754"
time="2020-02-17T01:13:46-06:00" level=debug msg="readLatency 499.249µs, writeLatency 21.760117ms, throughput(ops/sec) 90.43285541699731"
time="2020-02-17T01:13:46-06:00" level=debug msg="readLatency 498.338µs, writeLatency 21.761334ms, throughput(ops/sec) 90.43166163952459"
time="2020-02-17T01:13:46-06:00" level=debug msg="readLatency 509.509µs, writeLatency 21.750393ms, throughput(ops/sec) 90.43010985003733"
time="2020-02-17T01:13:46-06:00" level=debug msg="readLatency 500.4µs, writeLatency 21.746186ms, throughput(ops/sec) 90.47363745450053"
time="2020-02-17T01:13:46-06:00" level=debug msg="readLatency 499.567µs, writeLatency 21.758699ms, throughput(ops/sec) 90.43730776389316"
time="2020-02-17T01:13:56-06:00" level=debug msg="readLatency 504.597µs, writeLatency 21.762338ms, throughput(ops/sec) 90.03303543870199"
time="2020-02-17T01:13:56-06:00" level=debug msg="readLatency 501.18µs, writeLatency 21.754479ms, throughput(ops/sec) 90.11743818072831"
time="2020-02-17T01:13:56-06:00" level=debug msg="readLatency 489.422µs, writeLatency 21.770453ms, throughput(ops/sec) 90.09087159296281"
time="2020-02-17T01:13:56-06:00" level=debug msg="readLatency 501.832µs, writeLatency 21.75832ms, throughput(ops/sec) 90.05066440288435"
time="2020-02-17T01:13:56-06:00" level=debug msg="readLatency 508.074µs, writeLatency 21.73144ms, throughput(ops/sec) 90.1341969409664"
time="2020-02-17T01:13:56-06:00" level=debug msg="readLatency 501.601µs, writeLatency 21.774221ms, throughput(ops/sec) 89.9971842776495"
time="2020-02-17T01:13:56-06:00" level=debug msg="readLatency 500.542µs, writeLatency 21.730007ms, throughput(ops/sec) 90.20944554466033"
time="2020-02-17T01:13:56-06:00" level=debug msg="readLatency 505.088µs, writeLatency 21.744323ms, throughput(ops/sec) 90.12311144622795"
time="2020-02-17T01:13:56-06:00" level=debug msg="readLatency 505.49µs, writeLatency 21.743279ms, throughput(ops/sec) 90.12570254321298"
time="2020-02-17T01:13:56-06:00" level=debug msg="readLatency 499.912µs, writeLatency 21.723166ms, throughput(ops/sec) 90.2397827406023"
time="2020-02-17T01:13:56-06:00" level=debug msg="readLatency 492.875µs, writeLatency 21.772714ms, throughput(ops/sec) 90.06767840138882"
time="2020-02-17T01:13:56-06:00" level=debug msg="readLatency 498.372µs, writeLatency 21.766919ms, throughput(ops/sec) 90.0397105343225"
time="2020-02-17T01:13:56-06:00" level=debug msg="readLatency 498.334µs, writeLatency 21.767618ms, throughput(ops/sec) 90.03704042809876"
time="2020-02-17T01:13:56-06:00" level=debug msg="readLatency 509.301µs, writeLatency 21.762177ms, throughput(ops/sec) 90.00482343356812"
time="2020-02-17T01:13:56-06:00" level=debug msg="readLatency 497.106µs, writeLatency 21.751174ms, throughput(ops/sec) 90.12786657509133"
time="2020-02-17T01:13:56-06:00" level=debug msg="readLatency 498.412µs, writeLatency 21.771694ms, throughput(ops/sec) 90.01057614563587"
time="2020-02-17T01:14:06-06:00" level=debug msg="readLatency 503.472µs, writeLatency 21.746197ms, throughput(ops/sec) 89.80063693299113"
time="2020-02-17T01:14:06-06:00" level=debug msg="readLatency 498.631µs, writeLatency 21.740992ms, throughput(ops/sec) 89.8147105107785"
time="2020-02-17T01:14:06-06:00" level=debug msg="readLatency 489.175µs, writeLatency 21.755061ms, throughput(ops/sec) 89.78716806332913"
time="2020-02-17T01:14:06-06:00" level=debug msg="readLatency 499.429µs, writeLatency 21.74449ms, throughput(ops/sec) 89.80618585428702"
time="2020-02-17T01:14:06-06:00" level=debug msg="readLatency 507.401µs, writeLatency 21.714575ms, throughput(ops/sec) 89.91258902718637"
time="2020-02-17T01:14:06-06:00" level=debug msg="readLatency 499.777µs, writeLatency 21.758787ms, throughput(ops/sec) 89.77353977362345"
time="2020-02-17T01:14:06-06:00" level=debug msg="readLatency 499.744µs, writeLatency 21.714758ms, throughput(ops/sec) 89.91629465760565"
time="2020-02-17T01:14:06-06:00" level=debug msg="readLatency 504.102µs, writeLatency 21.731553ms, throughput(ops/sec) 89.82199152804976"
time="2020-02-17T01:14:06-06:00" level=debug msg="readLatency 504.295µs, writeLatency 21.731299ms, throughput(ops/sec) 89.82224236347835"
time="2020-02-17T01:14:06-06:00" level=debug msg="readLatency 498.502µs, writeLatency 21.708767ms, throughput(ops/sec) 89.94557040441258"
time="2020-02-17T01:14:06-06:00" level=debug msg="readLatency 492.572µs, writeLatency 21.75637ms, throughput(ops/sec) 89.77702512971787"
time="2020-02-17T01:14:06-06:00" level=debug msg="readLatency 497.253µs, writeLatency 21.751829ms, throughput(ops/sec) 89.79413994804257"
time="2020-02-17T01:14:06-06:00" level=debug msg="readLatency 498.139µs, writeLatency 21.751393ms, throughput(ops/sec) 89.79233061836005"
time="2020-02-17T01:14:06-06:00" level=debug msg="readLatency 496.686µs, writeLatency 21.737207ms, throughput(ops/sec) 89.82902443968109"
time="2020-02-17T01:14:06-06:00" level=debug msg="readLatency 508.644µs, writeLatency 21.745716ms, throughput(ops/sec) 89.77294715820473"
time="2020-02-17T01:14:06-06:00" level=debug msg="readLatency 497.262µs, writeLatency 21.755094ms, throughput(ops/sec) 89.78092423628931"
time="2020-02-17T01:14:16-06:00" level=debug msg="readLatency 502.838µs, writeLatency 21.746476ms, throughput(ops/sec) 90.40856993460936"
time="2020-02-17T01:14:16-06:00" level=debug msg="readLatency 496.941µs, writeLatency 21.751664ms, throughput(ops/sec) 90.40354211219335"
time="2020-02-17T01:14:16-06:00" level=debug msg="readLatency 487.617µs, writeLatency 21.760966ms, throughput(ops/sec) 90.39578431879343"
time="2020-02-17T01:14:16-06:00" level=debug msg="readLatency 499.363µs, writeLatency 21.748096ms, throughput(ops/sec) 90.40807748361765"
time="2020-02-17T01:14:16-06:00" level=debug msg="readLatency 506.033µs, writeLatency 21.715396ms, throughput(ops/sec) 90.52183049428596"
time="2020-02-17T01:14:16-06:00" level=debug msg="readLatency 496.234µs, writeLatency 21.762066ms, throughput(ops/sec) 90.3724975989119"
time="2020-02-17T01:14:16-06:00" level=debug msg="readLatency 498.152µs, writeLatency 21.724951ms, throughput(ops/sec) 90.50720022569622"
time="2020-02-17T01:14:16-06:00" level=debug msg="readLatency 501.393µs, writeLatency 21.735921ms, throughput(ops/sec) 90.43273888743371"
time="2020-02-17T01:14:16-06:00" level=debug msg="readLatency 503.789µs, writeLatency 21.737514ms, throughput(ops/sec) 90.42459906720951"
time="2020-02-17T01:14:16-06:00" level=debug msg="readLatency 498.283µs, writeLatency 21.717197ms, throughput(ops/sec) 90.53824021852787"
time="2020-02-17T01:14:16-06:00" level=debug msg="readLatency 493.271µs, writeLatency 21.763704ms, throughput(ops/sec) 90.36972685467109"
time="2020-02-17T01:14:16-06:00" level=debug msg="readLatency 495.338µs, writeLatency 21.762371ms, throughput(ops/sec) 90.37493991548017"
time="2020-02-17T01:14:16-06:00" level=debug msg="readLatency 496.905µs, writeLatency 21.756391ms, throughput(ops/sec) 90.39268626260258"
time="2020-02-17T01:14:16-06:00" level=debug msg="readLatency 507.503µs, writeLatency 21.746406ms, throughput(ops/sec) 90.38967441070056"
time="2020-02-17T01:14:16-06:00" level=debug msg="readLatency 496.848µs, writeLatency 21.742614ms, throughput(ops/sec) 90.43241530527652"
time="2020-02-17T01:14:16-06:00" level=debug msg="readLatency 496.094µs, writeLatency 21.75584ms, throughput(ops/sec) 90.3982550491944"
time="2020-02-17T01:14:26-06:00" level=debug msg="readLatency 496.537µs, writeLatency 21.723923ms, throughput(ops/sec) 90.74732004195613"
time="2020-02-17T01:14:26-06:00" level=debug msg="readLatency 500.555µs, writeLatency 21.721014ms, throughput(ops/sec) 90.73517018786754"
time="2020-02-17T01:14:26-06:00" level=debug msg="readLatency 487.808µs, writeLatency 21.732407ms, throughput(ops/sec) 90.79354107215967"
time="2020-02-17T01:14:26-06:00" level=debug msg="readLatency 497.532µs, writeLatency 21.725357ms, throughput(ops/sec) 90.72999092095858"
time="2020-02-17T01:14:26-06:00" level=debug msg="readLatency 504.628µs, writeLatency 21.692283ms, throughput(ops/sec) 90.82829149195685"
time="2020-02-17T01:14:26-06:00" level=debug msg="readLatency 494.43µs, writeLatency 21.735247ms, throughput(ops/sec) 90.69516257755964"
time="2020-02-17T01:14:26-06:00" level=debug msg="readLatency 496.584µs, writeLatency 21.698241ms, throughput(ops/sec) 90.8520903624457"
time="2020-02-17T01:14:26-06:00" level=debug msg="readLatency 500.557µs, writeLatency 21.709748ms, throughput(ops/sec) 90.82547587797593"
time="2020-02-17T01:14:26-06:00" level=debug msg="readLatency 501.698µs, writeLatency 21.712266ms, throughput(ops/sec) 90.81804468562427"
time="2020-02-17T01:14:26-06:00" level=debug msg="readLatency 498.244µs, writeLatency 21.689657ms, throughput(ops/sec) 90.88031211294947"
time="2020-02-17T01:14:26-06:00" level=debug msg="readLatency 493.376µs, writeLatency 21.735141ms, throughput(ops/sec) 90.71466662889269"
time="2020-02-17T01:14:26-06:00" level=debug msg="readLatency 494.73µs, writeLatency 21.738493ms, throughput(ops/sec) 90.68081264621179"
time="2020-02-17T01:14:26-06:00" level=debug msg="readLatency 496.145µs, writeLatency 21.729354ms, throughput(ops/sec) 90.71943646032709"
time="2020-02-17T01:14:26-06:00" level=debug msg="readLatency 504.982µs, writeLatency 21.72057ms, throughput(ops/sec) 90.71860572689489"
time="2020-02-17T01:14:26-06:00" level=debug msg="readLatency 494.787µs, writeLatency 21.71737ms, throughput(ops/sec) 90.82594219552682"
time="2020-02-17T01:14:26-06:00" level=debug msg="readLatency 495.186µs, writeLatency 21.729062ms, throughput(ops/sec) 90.72461107496557"
time="2020-02-17T01:14:36-06:00" level=debug msg="readLatency 495.278µs, writeLatency 21.711325ms, throughput(ops/sec) 90.71599325100058"
time="2020-02-17T01:14:36-06:00" level=debug msg="readLatency 499.779µs, writeLatency 21.707923ms, throughput(ops/sec) 90.7113318956392"
time="2020-02-17T01:14:36-06:00" level=debug msg="readLatency 487.347µs, writeLatency 21.719805ms, throughput(ops/sec) 90.71402968873728"
time="2020-02-17T01:14:36-06:00" level=debug msg="readLatency 497.521µs, writeLatency 21.711197ms, throughput(ops/sec) 90.70732120879543"
time="2020-02-17T01:14:36-06:00" level=debug msg="readLatency 503.093µs, writeLatency 21.675791ms, throughput(ops/sec) 90.82895207807027"
time="2020-02-17T01:14:36-06:00" level=debug msg="readLatency 493.554µs, writeLatency 21.718257ms, throughput(ops/sec) 90.69494240681327"
time="2020-02-17T01:14:36-06:00" level=debug msg="readLatency 495.704µs, writeLatency 21.688838ms, throughput(ops/sec) 90.80625106562542"
time="2020-02-17T01:14:36-06:00" level=debug msg="readLatency 499.62µs, writeLatency 21.701872ms, throughput(ops/sec) 90.73638816347403"
time="2020-02-17T01:14:36-06:00" level=debug msg="readLatency 500.861µs, writeLatency 21.699959ms, throughput(ops/sec) 90.73905990823427"
time="2020-02-17T01:14:36-06:00" level=debug msg="readLatency 496.666µs, writeLatency 21.681477ms, throughput(ops/sec) 90.8323835771634"
time="2020-02-17T01:14:36-06:00" level=debug msg="readLatency 492.59µs, writeLatency 21.721275ms, throughput(ops/sec) 90.68651125736794"
time="2020-02-17T01:14:36-06:00" level=debug msg="readLatency 493.464µs, writeLatency 21.72578ms, throughput(ops/sec) 90.67176973644213"
time="2020-02-17T01:14:36-06:00" level=debug msg="readLatency 495.52µs, writeLatency 21.715419ms, throughput(ops/sec) 90.69837893474167"
time="2020-02-17T01:14:36-06:00" level=debug msg="readLatency 503.762µs, writeLatency 21.706869ms, throughput(ops/sec) 90.69912611480508"
time="2020-02-17T01:14:36-06:00" level=debug msg="readLatency 494.543µs, writeLatency 21.70509ms, throughput(ops/sec) 90.74429837724114"
time="2020-02-17T01:14:36-06:00" level=debug msg="readLatency 494.603µs, writeLatency 21.714964ms, throughput(ops/sec) 90.70403632588369"
time="2020-02-17T01:14:46-06:00" level=debug msg="readLatency 499.205µs, writeLatency 21.721762ms, throughput(ops/sec) 90.86676479633228"
time="2020-02-17T01:14:46-06:00" level=debug msg="readLatency 495.214µs, writeLatency 21.728147ms, throughput(ops/sec) 90.85730828140888"
time="2020-02-17T01:14:46-06:00" level=debug msg="readLatency 486.782µs, writeLatency 21.73081ms, throughput(ops/sec) 90.89402310012082"
time="2020-02-17T01:14:46-06:00" level=debug msg="readLatency 496.028µs, writeLatency 21.726798ms, throughput(ops/sec) 90.85943168223432"
time="2020-02-17T01:14:46-06:00" level=debug msg="readLatency 502.31µs, writeLatency 21.689761ms, throughput(ops/sec) 90.98477222046239"
time="2020-02-17T01:14:46-06:00" level=debug msg="readLatency 494.295µs, writeLatency 21.730891ms, throughput(ops/sec) 90.8499249431025"
time="2020-02-17T01:14:46-06:00" level=debug msg="readLatency 496.049µs, writeLatency 21.701284ms, throughput(ops/sec) 90.96372848914412"
time="2020-02-17T01:14:46-06:00" level=debug msg="readLatency 498.106µs, writeLatency 21.713568ms, throughput(ops/sec) 90.91728988707962"
time="2020-02-17T01:14:46-06:00" level=debug msg="readLatency 495.852µs, writeLatency 21.692315ms, throughput(ops/sec) 91.02711961257178"
time="2020-02-17T01:14:46-06:00" level=debug msg="readLatency 500.231µs, writeLatency 21.710676ms, throughput(ops/sec) 90.92024720848795"
time="2020-02-17T01:14:46-06:00" level=debug msg="readLatency 492.65µs, writeLatency 21.737551ms, throughput(ops/sec) 90.82957423615161"
time="2020-02-17T01:14:46-06:00" level=debug msg="readLatency 491.456µs, writeLatency 21.738035ms, throughput(ops/sec) 90.82622462285414"
time="2020-02-17T01:14:46-06:00" level=debug msg="readLatency 494.91µs, writeLatency 21.725565ms, throughput(ops/sec) 90.89490939050572"
time="2020-02-17T01:14:46-06:00" level=debug msg="readLatency 503.246µs, writeLatency 21.720578ms, throughput(ops/sec) 90.85475435644517"
time="2020-02-17T01:14:46-06:00" level=debug msg="readLatency 494.066µs, writeLatency 21.715884ms, throughput(ops/sec) 90.92467687737832"
time="2020-02-17T01:14:46-06:00" level=debug msg="readLatency 494.641µs, writeLatency 21.727896ms, throughput(ops/sec) 90.8607250628135"
time="2020-02-17T01:14:56-06:00" level=debug msg="readLatency 501.129µs, writeLatency 21.716802ms, throughput(ops/sec) 91.043738307406"
time="2020-02-17T01:14:56-06:00" level=debug msg="readLatency 496.367µs, writeLatency 21.723901ms, throughput(ops/sec) 91.03463294042616"
time="2020-02-17T01:14:56-06:00" level=debug msg="readLatency 488.783µs, writeLatency 21.724143ms, throughput(ops/sec) 91.06472220395536"
time="2020-02-17T01:14:56-06:00" level=debug msg="readLatency 497.385µs, writeLatency 21.722971ms, throughput(ops/sec) 91.03417255593062"
time="2020-02-17T01:14:56-06:00" level=debug msg="readLatency 501.478µs, writeLatency 21.691906ms, throughput(ops/sec) 91.15057051629552"
time="2020-02-17T01:14:56-06:00" level=debug msg="readLatency 495.383µs, writeLatency 21.72684ms, throughput(ops/sec) 91.02672610079576"
time="2020-02-17T01:14:56-06:00" level=debug msg="readLatency 497.138µs, writeLatency 21.696687ms, throughput(ops/sec) 91.14296321033981"
time="2020-02-17T01:14:56-06:00" level=debug msg="readLatency 499.936µs, writeLatency 21.707476ms, throughput(ops/sec) 91.0862304370807"
time="2020-02-17T01:14:56-06:00" level=debug msg="readLatency 501.16µs, writeLatency 21.70599ms, throughput(ops/sec) 91.08718405167635"
time="2020-02-17T01:14:56-06:00" level=debug msg="readLatency 495.353µs, writeLatency 21.691246ms, throughput(ops/sec) 91.17266005067849"
time="2020-02-17T01:14:56-06:00" level=debug msg="readLatency 494.828µs, writeLatency 21.731919ms, throughput(ops/sec) 91.00826220292971"
time="2020-02-17T01:14:56-06:00" level=debug msg="readLatency 490.855µs, writeLatency 21.736585ms, throughput(ops/sec) 91.012031187926"
time="2020-02-17T01:14:56-06:00" level=debug msg="readLatency 495.07µs, writeLatency 21.723389ms, throughput(ops/sec) 91.04202137160613"
time="2020-02-17T01:14:56-06:00" level=debug msg="readLatency 505.156µs, writeLatency 21.716066ms, throughput(ops/sec) 91.02986722108894"
time="2020-02-17T01:14:56-06:00" level=debug msg="readLatency 496.058µs, writeLatency 21.7096ms, throughput(ops/sec) 91.09379896418777"
time="2020-02-17T01:14:56-06:00" level=debug msg="readLatency 495.751µs, writeLatency 21.724168ms, throughput(ops/sec) 91.03611953690648"
time="2020-02-17T01:15:06-06:00" level=debug msg="readLatency 503.883µs, writeLatency 21.722701ms, throughput(ops/sec) 91.02224306231834"
time="2020-02-17T01:15:06-06:00" level=debug msg="readLatency 499.804µs, writeLatency 21.72905ms, throughput(ops/sec) 91.01335531178145"
time="2020-02-17T01:15:06-06:00" level=debug msg="readLatency 492.845µs, writeLatency 21.726751ms, throughput(ops/sec) 91.0911147410675"
time="2020-02-17T01:15:06-06:00" level=debug msg="readLatency 500.437µs, writeLatency 21.728684ms, throughput(ops/sec) 91.01220222194429"
time="2020-02-17T01:15:06-06:00" level=debug msg="readLatency 503.045µs, writeLatency 21.698571ms, throughput(ops/sec) 91.11905404500756"
time="2020-02-17T01:15:06-06:00" level=debug msg="readLatency 497.783µs, writeLatency 21.732569ms, throughput(ops/sec) 91.00742810672742"
time="2020-02-17T01:15:06-06:00" level=debug msg="readLatency 500.462µs, writeLatency 21.7018ms, throughput(ops/sec) 91.12224253933597"
time="2020-02-17T01:15:06-06:00" level=debug msg="readLatency 503.809µs, writeLatency 21.710111ms, throughput(ops/sec) 91.11324474850416"
time="2020-02-17T01:15:06-06:00" level=debug msg="readLatency 504.829µs, writeLatency 21.709278ms, throughput(ops/sec) 91.11237520605165"
time="2020-02-17T01:15:06-06:00" level=debug msg="readLatency 497.197µs, writeLatency 21.698398ms, throughput(ops/sec) 91.14406258076691"
time="2020-02-17T01:15:06-06:00" level=debug msg="readLatency 498.205µs, writeLatency 21.736937ms, throughput(ops/sec) 90.98779232374025"
time="2020-02-17T01:15:06-06:00" level=debug msg="readLatency 494.053µs, writeLatency 21.741853ms, throughput(ops/sec) 90.97950487643593"
time="2020-02-17T01:15:06-06:00" level=debug msg="readLatency 496.81µs, writeLatency 21.730726ms, throughput(ops/sec) 91.0131942192215"
time="2020-02-17T01:15:06-06:00" level=debug msg="readLatency 505.57µs, writeLatency 21.72462ms, throughput(ops/sec) 91.00731671010114"
time="2020-02-17T01:15:06-06:00" level=debug msg="readLatency 499.569µs, writeLatency 21.712824ms, throughput(ops/sec) 91.11994413427858"
time="2020-02-17T01:15:06-06:00" level=debug msg="readLatency 498.787µs, writeLatency 21.729578ms, throughput(ops/sec) 91.01545903320591"
time="2020-02-17T01:15:16-06:00" level=debug msg="readLatency 501.872µs, writeLatency 22.220971ms, throughput(ops/sec) 89.03242657402384"
time="2020-02-17T01:15:16-06:00" level=debug msg="readLatency 505.21µs, writeLatency 22.215652ms, throughput(ops/sec) 89.03986854747467"
time="2020-02-17T01:15:16-06:00" level=debug msg="readLatency 494.456µs, writeLatency 22.222549ms, throughput(ops/sec) 89.05534630261523"
time="2020-02-17T01:15:16-06:00" level=debug msg="readLatency 501.725µs, writeLatency 22.221012ms, throughput(ops/sec) 89.032854900002"
time="2020-02-17T01:15:16-06:00" level=debug msg="readLatency 503.464µs, writeLatency 22.192342ms, throughput(ops/sec) 89.14381447189653"
time="2020-02-17T01:15:16-06:00" level=debug msg="readLatency 499.787µs, writeLatency 22.227366ms, throughput(ops/sec) 89.02127634985725"
time="2020-02-17T01:15:16-06:00" level=debug msg="readLatency 502.753µs, writeLatency 22.193058ms, throughput(ops/sec) 89.13832994497027"
time="2020-02-17T01:15:16-06:00" level=debug msg="readLatency 505.632µs, writeLatency 22.206182ms, throughput(ops/sec) 89.07463307986183"
time="2020-02-17T01:15:16-06:00" level=debug msg="readLatency 506.289µs, writeLatency 22.205593ms, throughput(ops/sec) 89.07430285751558"
time="2020-02-17T01:15:16-06:00" level=debug msg="readLatency 497.796µs, writeLatency 22.191974ms, throughput(ops/sec) 89.1677976538897"
time="2020-02-17T01:15:16-06:00" level=debug msg="readLatency 499.459µs, writeLatency 22.228908ms, throughput(ops/sec) 89.01102561842738"
time="2020-02-17T01:15:16-06:00" level=debug msg="readLatency 494.627µs, writeLatency 22.24397ms, throughput(ops/sec) 88.98818228141037"
time="2020-02-17T01:15:16-06:00" level=debug msg="readLatency 497.846µs, writeLatency 22.227083ms, throughput(ops/sec) 89.02463998083049"
time="2020-02-17T01:15:16-06:00" level=debug msg="readLatency 507.087µs, writeLatency 22.216969ms, throughput(ops/sec) 89.02718245134929"
time="2020-02-17T01:15:16-06:00" level=debug msg="readLatency 501.423µs, writeLatency 22.20879ms, throughput(ops/sec) 89.08130409495261"
time="2020-02-17T01:15:16-06:00" level=debug msg="readLatency 500.672µs, writeLatency 22.221681ms, throughput(ops/sec) 89.03446186000663"
time="2020-02-17T01:15:16-06:00" level=info msg="readLatency 497.796µs, writeLatency 22.191865ms, throughput(ops/sec) 89.16268546530632"
time="2020-02-17T01:15:16-06:00" level=info msg="readLatency 499.787µs, writeLatency 22.227386ms, throughput(ops/sec) 89.01567208578864"
time="2020-02-17T01:15:16-06:00" level=info msg="readLatency 501.725µs, writeLatency 22.221003ms, throughput(ops/sec) 89.02736350094477"
time="2020-02-17T01:15:16-06:00" level=info msg="readLatency 502.753µs, writeLatency 22.193081ms, throughput(ops/sec) 89.13270778082199"
time="2020-02-17T01:15:16-06:00" level=info msg="readLatency 499.459µs, writeLatency 22.228975ms, throughput(ops/sec) 89.00523604144753"
time="2020-02-17T01:15:16-06:00" level=info msg="readLatency 507.087µs, writeLatency 22.217012ms, throughput(ops/sec) 89.02149182889958"
time="2020-02-17T01:15:16-06:00" level=info msg="readLatency 501.872µs, writeLatency 22.221028ms, throughput(ops/sec) 89.02667865740644"
time="2020-02-17T01:15:16-06:00" level=info msg="readLatency 505.21µs, writeLatency 22.215699ms, throughput(ops/sec) 89.03415985424722"
time="2020-02-17T01:15:16-06:00" level=info msg="readLatency 497.846µs, writeLatency 22.227138ms, throughput(ops/sec) 89.01889413477018"
time="2020-02-17T01:15:16-06:00" level=info msg="readLatency 506.289µs, writeLatency 22.20546ms, throughput(ops/sec) 89.06929777404675"
time="2020-02-17T01:15:16-06:00" level=info msg="readLatency 500.672µs, writeLatency 22.221712ms, throughput(ops/sec) 89.02881114499624"
time="2020-02-17T01:15:16-06:00" level=info msg="readLatency 494.456µs, writeLatency 22.222405ms, throughput(ops/sec) 89.05038138061262"
time="2020-02-17T01:15:16-06:00" level=info msg="readLatency 503.464µs, writeLatency 22.192348ms, throughput(ops/sec) 89.13825755538097"
time="2020-02-17T01:15:16-06:00" level=info msg="readLatency 505.632µs, writeLatency 22.206022ms, throughput(ops/sec) 89.06973709679107"
time="2020-02-17T01:15:16-06:00" level=info msg="readLatency 501.423µs, writeLatency 22.208801ms, throughput(ops/sec) 89.07573652380157"
time="2020-02-17T01:15:16-06:00" level=info msg="readLatency 494.627µs, writeLatency 22.24399ms, throughput(ops/sec) 88.98257160294065"

=== DONE EXP3 READ/WRITE   ===

