Please answer if you want to remove mem.log:
rm: remove regular file 'mem.log'? Starting server. Will Monitor and restart the server if crashes...
time="2020-02-17T01:20:54-06:00" level=info msg="starting server on port 10000..."
time="2020-02-17T01:20:54-06:00" level=info msg="Found log file, restoring cache from mem.log"
time="2020-02-17T01:21:33-06:00" level=info msg="done recovering from mem.log, read 1048576 lines, results in 1048576 valid entries."
time="2020-02-17T01:21:33-06:00" level=info msg="server started on time: 2020-02-17 01:21:33.895885227 -0600 CST m=+39.745080688"
time="2020-02-17T01:21:43-06:00" level=debug msg="gets done 588560, sets done 0, prefix done 0"
time="2020-02-17T01:21:53-06:00" level=debug msg="gets done 1470874, sets done 0, prefix done 0"
time="2020-02-17T01:22:03-06:00" level=debug msg="gets done 2365283, sets done 0, prefix done 0"
time="2020-02-17T01:22:13-06:00" level=debug msg="gets done 3272098, sets done 0, prefix done 0"
time="2020-02-17T01:22:23-06:00" level=debug msg="gets done 4151921, sets done 0, prefix done 0"
time="2020-02-17T01:22:33-06:00" level=debug msg="gets done 5055915, sets done 0, prefix done 0"
time="2020-02-17T01:22:43-06:00" level=debug msg="gets done 5959071, sets done 0, prefix done 0"
time="2020-02-17T01:22:53-06:00" level=debug msg="gets done 6867186, sets done 0, prefix done 0"
time="2020-02-17T01:23:03-06:00" level=debug msg="gets done 7767489, sets done 0, prefix done 0"
time="2020-02-17T01:23:13-06:00" level=debug msg="gets done 8672298, sets done 0, prefix done 0"
time="2020-02-17T01:23:23-06:00" level=debug msg="gets done 9572673, sets done 0, prefix done 0"
time="2020-02-17T01:23:33-06:00" level=debug msg="gets done 10477262, sets done 0, prefix done 0"
time="2020-02-17T01:23:43-06:00" level=debug msg="gets done 11379112, sets done 0, prefix done 0"
time="2020-02-17T01:23:53-06:00" level=debug msg="gets done 12279730, sets done 0, prefix done 0"
time="2020-02-17T01:24:03-06:00" level=debug msg="gets done 13187089, sets done 0, prefix done 0"
time="2020-02-17T01:24:13-06:00" level=debug msg="gets done 14089074, sets done 0, prefix done 0"
time="2020-02-17T01:24:23-06:00" level=debug msg="gets done 14989488, sets done 0, prefix done 0"
time="2020-02-17T01:24:33-06:00" level=debug msg="gets done 15892530, sets done 0, prefix done 0"
time="2020-02-17T01:24:43-06:00" level=debug msg="gets done 16187278, sets done 6847, prefix done 0"
time="2020-02-17T01:24:53-06:00" level=debug msg="gets done 16199929, sets done 18845, prefix done 0"
time="2020-02-17T01:25:03-06:00" level=debug msg="gets done 16212262, sets done 30636, prefix done 0"
time="2020-02-17T01:25:13-06:00" level=debug msg="gets done 16224042, sets done 42531, prefix done 0"
time="2020-02-17T01:25:23-06:00" level=debug msg="gets done 16236959, sets done 54110, prefix done 0"
time="2020-02-17T01:25:33-06:00" level=debug msg="gets done 16249371, sets done 65851, prefix done 0"
time="2020-02-17T01:25:43-06:00" level=debug msg="gets done 16261610, sets done 77543, prefix done 0"
time="2020-02-17T01:25:53-06:00" level=debug msg="gets done 16273580, sets done 89312, prefix done 0"
time="2020-02-17T01:26:03-06:00" level=debug msg="gets done 16285199, sets done 101229, prefix done 0"
time="2020-02-17T01:26:13-06:00" level=debug msg="gets done 16295424, sets done 113028, prefix done 0"
time="2020-02-17T01:26:23-06:00" level=debug msg="gets done 16307134, sets done 124783, prefix done 0"
time="2020-02-17T01:26:33-06:00" level=debug msg="gets done 16318002, sets done 136549, prefix done 0"
time="2020-02-17T01:26:43-06:00" level=debug msg="gets done 16329591, sets done 148579, prefix done 0"
time="2020-02-17T01:26:53-06:00" level=debug msg="gets done 16341367, sets done 160044, prefix done 0"
time="2020-02-17T01:27:03-06:00" level=debug msg="gets done 16355039, sets done 171609, prefix done 0"
time="2020-02-17T01:27:13-06:00" level=debug msg="gets done 16367257, sets done 183187, prefix done 0"
time="2020-02-17T01:27:23-06:00" level=debug msg="gets done 16378793, sets done 195020, prefix done 0"
time="2020-02-17T01:27:33-06:00" level=debug msg="gets done 16392008, sets done 207042, prefix done 0"
time="2020-02-17T01:27:43-06:00" level=debug msg="gets done 16397118, sets done 211893, prefix done 0"
time="2020-02-17T01:27:53-06:00" level=debug msg="gets done 16397118, sets done 211893, prefix done 0"
time="2020-02-17T01:28:03-06:00" level=debug msg="gets done 16397118, sets done 211893, prefix done 0"
time="2020-02-17T01:28:13-06:00" level=debug msg="gets done 16397118, sets done 211893, prefix done 0"
time="2020-02-17T01:28:23-06:00" level=debug msg="gets done 16397118, sets done 211893, prefix done 0"
time="2020-02-17T01:28:33-06:00" level=debug msg="gets done 16397118, sets done 211893, prefix done 0"
time="2020-02-17T01:28:43-06:00" level=debug msg="gets done 16397118, sets done 211893, prefix done 0"
time="2020-02-17T01:28:53-06:00" level=debug msg="gets done 16397118, sets done 211893, prefix done 0"
time="2020-02-17T01:29:03-06:00" level=debug msg="gets done 16397118, sets done 211893, prefix done 0"
time="2020-02-17T01:29:13-06:00" level=debug msg="gets done 16397118, sets done 211893, prefix done 0"
time="2020-02-17T01:29:23-06:00" level=debug msg="gets done 16397118, sets done 211893, prefix done 0"
time="2020-02-17T01:29:33-06:00" level=debug msg="gets done 16397118, sets done 211893, prefix done 0"
time="2020-02-17T01:29:43-06:00" level=debug msg="gets done 16397118, sets done 211893, prefix done 0"
time="2020-02-17T01:29:53-06:00" level=debug msg="gets done 16397118, sets done 211893, prefix done 0"
time="2020-02-17T01:30:03-06:00" level=debug msg="gets done 16397118, sets done 211893, prefix done 0"
time="2020-02-17T01:30:13-06:00" level=debug msg="gets done 16397118, sets done 211893, prefix done 0"
time="2020-02-17T01:30:23-06:00" level=debug msg="gets done 16397118, sets done 211893, prefix done 0"
time="2020-02-17T01:30:33-06:00" level=debug msg="gets done 16397118, sets done 211893, prefix done 0"
time="2020-02-17T01:30:43-06:00" level=debug msg="gets done 16397118, sets done 211893, prefix done 0"
time="2020-02-17T01:30:53-06:00" level=debug msg="gets done 16397118, sets done 211893, prefix done 0"
time="2020-02-17T01:31:03-06:00" level=debug msg="gets done 16397118, sets done 211893, prefix done 0"
time="2020-02-17T01:31:13-06:00" level=debug msg="gets done 16397118, sets done 211893, prefix done 0"
time="2020-02-17T01:31:23-06:00" level=debug msg="gets done 16397118, sets done 211893, prefix done 0"
time="2020-02-17T01:31:33-06:00" level=debug msg="gets done 16397118, sets done 211893, prefix done 0"
time="2020-02-17T01:31:43-06:00" level=debug msg="gets done 16397118, sets done 211893, prefix done 0"
time="2020-02-17T01:31:53-06:00" level=debug msg="gets done 16397118, sets done 211893, prefix done 0"
time="2020-02-17T01:32:03-06:00" level=debug msg="gets done 16397118, sets done 211893, prefix done 0"
time="2020-02-17T01:32:13-06:00" level=debug msg="gets done 16397118, sets done 211893, prefix done 0"
time="2020-02-17T01:32:23-06:00" level=debug msg="gets done 16397118, sets done 211893, prefix done 0"
time="2020-02-17T01:32:33-06:00" level=debug msg="gets done 16397118, sets done 211893, prefix done 0"
time="2020-02-17T01:32:43-06:00" level=debug msg="gets done 16397118, sets done 211893, prefix done 0"
time="2020-02-17T01:32:53-06:00" level=debug msg="gets done 16397118, sets done 211893, prefix done 0"
time="2020-02-17T01:33:03-06:00" level=debug msg="gets done 16397118, sets done 211893, prefix done 0"
time="2020-02-17T01:33:13-06:00" level=debug msg="gets done 16397118, sets done 211893, prefix done 0"
time="2020-02-17T01:33:23-06:00" level=debug msg="gets done 16397118, sets done 211893, prefix done 0"
time="2020-02-17T01:33:33-06:00" level=debug msg="gets done 16397118, sets done 211893, prefix done 0"
time="2020-02-17T01:33:43-06:00" level=debug msg="gets done 16397118, sets done 211893, prefix done 0"
time="2020-02-17T01:33:53-06:00" level=debug msg="gets done 16397118, sets done 211893, prefix done 0"
time="2020-02-17T01:34:03-06:00" level=debug msg="gets done 16397118, sets done 211893, prefix done 0"
time="2020-02-17T01:34:13-06:00" level=debug msg="gets done 16397118, sets done 211893, prefix done 0"
time="2020-02-17T01:34:23-06:00" level=debug msg="gets done 16397118, sets done 211893, prefix done 0"
time="2020-02-17T01:34:33-06:00" level=debug msg="gets done 16397118, sets done 211893, prefix done 0"
time="2020-02-17T01:34:43-06:00" level=debug msg="gets done 16397118, sets done 211893, prefix done 0"
time="2020-02-17T01:34:53-06:00" level=debug msg="gets done 16397118, sets done 211893, prefix done 0"
time="2020-02-17T01:35:03-06:00" level=debug msg="gets done 16397118, sets done 211893, prefix done 0"
time="2020-02-17T01:35:13-06:00" level=debug msg="gets done 16397118, sets done 211893, prefix done 0"
time="2020-02-17T01:35:23-06:00" level=debug msg="gets done 16397118, sets done 211893, prefix done 0"
time="2020-02-17T01:35:33-06:00" level=debug msg="gets done 16397118, sets done 211893, prefix done 0"
time="2020-02-17T01:35:43-06:00" level=debug msg="gets done 16397118, sets done 211893, prefix done 0"
time="2020-02-17T01:35:53-06:00" level=debug msg="gets done 16397118, sets done 211893, prefix done 0"
time="2020-02-17T01:36:03-06:00" level=debug msg="gets done 16397118, sets done 211893, prefix done 0"
time="2020-02-17T01:36:13-06:00" level=debug msg="gets done 16397118, sets done 211893, prefix done 0"
time="2020-02-17T01:36:23-06:00" level=debug msg="gets done 16397118, sets done 211893, prefix done 0"
