Server Address host:port (eg. localhost:10000)10.10.1.2:10000
Number of clients: 4
Do you want to load data? num_keys=1048576, value_size=4096
1) Yes
2) No
#? 
==============================
=== EXP3 READ TEST         ===
==============================

spawning client 1
spawning client 2
spawning client 3
spawning client 4
time="2020-02-17T00:36:22-06:00" level=info msg="trying to connect to server at 10.10.1.2:10000"
time="2020-02-17T00:36:22-06:00" level=info msg="trying to connect to server at 10.10.1.2:10000"
time="2020-02-17T00:36:22-06:00" level=info msg="connected to 10.10.1.2:10000"
time="2020-02-17T00:36:22-06:00" level=info msg="connected to 10.10.1.2:10000"
time="2020-02-17T00:36:22-06:00" level=debug msg=getAveReadLatency
time="2020-02-17T00:36:22-06:00" level=debug msg=getAveReadLatency
time="2020-02-17T00:36:22-06:00" level=info msg="trying to connect to server at 10.10.1.2:10000"
time="2020-02-17T00:36:22-06:00" level=info msg="connected to 10.10.1.2:10000"
time="2020-02-17T00:36:22-06:00" level=debug msg=getAveReadLatency
time="2020-02-17T00:36:22-06:00" level=info msg="trying to connect to server at 10.10.1.2:10000"
time="2020-02-17T00:36:22-06:00" level=info msg="connected to 10.10.1.2:10000"
time="2020-02-17T00:36:22-06:00" level=debug msg=getAveReadLatency
time="2020-02-17T00:36:32-06:00" level=debug msg="latency 316.881µs, throughput(ops/sec) 3155.7542726196466"
time="2020-02-17T00:36:32-06:00" level=debug msg="latency 316.878µs, throughput(ops/sec) 3155.7788104848114"
time="2020-02-17T00:36:32-06:00" level=debug msg="latency 316.832µs, throughput(ops/sec) 3156.2429660230573"
time="2020-02-17T00:36:32-06:00" level=debug msg="latency 316.695µs, throughput(ops/sec) 3157.6060063554864"
time="2020-02-17T00:36:42-06:00" level=debug msg="latency 320.88µs, throughput(ops/sec) 3116.422849477549"
time="2020-02-17T00:36:42-06:00" level=debug msg="latency 320.781µs, throughput(ops/sec) 3117.390846702233"
time="2020-02-17T00:36:42-06:00" level=debug msg="latency 320.83µs, throughput(ops/sec) 3116.9091706378613"
time="2020-02-17T00:36:42-06:00" level=debug msg="latency 320.724µs, throughput(ops/sec) 3117.9433204991783"
time="2020-02-17T00:36:52-06:00" level=debug msg="latency 325.887µs, throughput(ops/sec) 3068.5482596018364"
time="2020-02-17T00:36:52-06:00" level=debug msg="latency 325.913µs, throughput(ops/sec) 3068.302169491381"
time="2020-02-17T00:36:52-06:00" level=debug msg="latency 325.894µs, throughput(ops/sec) 3068.473330379044"
time="2020-02-17T00:36:52-06:00" level=debug msg="latency 325.837µs, throughput(ops/sec) 3069.013035650165"
time="2020-02-17T00:37:02-06:00" level=debug msg="latency 315.362µs, throughput(ops/sec) 3170.951543287089"
time="2020-02-17T00:37:02-06:00" level=debug msg="latency 315.364µs, throughput(ops/sec) 3170.937353923937"
time="2020-02-17T00:37:02-06:00" level=debug msg="latency 315.409µs, throughput(ops/sec) 3170.485193746152"
time="2020-02-17T00:37:02-06:00" level=debug msg="latency 315.316µs, throughput(ops/sec) 3171.414713203602"
time="2020-02-17T00:37:12-06:00" level=debug msg="latency 308.231µs, throughput(ops/sec) 3244.3150491877554"
time="2020-02-17T00:37:12-06:00" level=debug msg="latency 308.219µs, throughput(ops/sec) 3244.446220947016"
time="2020-02-17T00:37:12-06:00" level=debug msg="latency 308.218µs, throughput(ops/sec) 3244.4535223197104"
time="2020-02-17T00:37:12-06:00" level=debug msg="latency 308.189µs, throughput(ops/sec) 3244.754126231093"
time="2020-02-17T00:37:22-06:00" level=debug msg="latency 301.978µs, throughput(ops/sec) 3311.49737918436"
time="2020-02-17T00:37:22-06:00" level=debug msg="latency 301.928µs, throughput(ops/sec) 3312.039527153042"
time="2020-02-17T00:37:22-06:00" level=debug msg="latency 301.972µs, throughput(ops/sec) 3311.564665061248"
time="2020-02-17T00:37:22-06:00" level=debug msg="latency 301.898µs, throughput(ops/sec) 3312.371105699518"
time="2020-02-17T00:37:32-06:00" level=debug msg="latency 294.283µs, throughput(ops/sec) 3398.0809201507795"
time="2020-02-17T00:37:32-06:00" level=debug msg="latency 294.238µs, throughput(ops/sec) 3398.6012081586346"
time="2020-02-17T00:37:32-06:00" level=debug msg="latency 294.265µs, throughput(ops/sec) 3398.2939676957185"
time="2020-02-17T00:37:32-06:00" level=debug msg="latency 294.232µs, throughput(ops/sec) 3398.6701142894985"
time="2020-02-17T00:37:42-06:00" level=debug msg="latency 290.516µs, throughput(ops/sec) 3442.1428650957428"
time="2020-02-17T00:37:42-06:00" level=debug msg="latency 290.521µs, throughput(ops/sec) 3442.082795456882"
time="2020-02-17T00:37:42-06:00" level=debug msg="latency 290.557µs, throughput(ops/sec) 3441.660968390003"
time="2020-02-17T00:37:42-06:00" level=debug msg="latency 290.496µs, throughput(ops/sec) 3442.385345846045"
time="2020-02-17T00:37:52-06:00" level=debug msg="latency 288.924µs, throughput(ops/sec) 3461.1092035657766"
time="2020-02-17T00:37:52-06:00" level=debug msg="latency 288.936µs, throughput(ops/sec) 3460.9715812819095"
time="2020-02-17T00:37:52-06:00" level=debug msg="latency 288.966µs, throughput(ops/sec) 3460.610265806296"
time="2020-02-17T00:37:52-06:00" level=debug msg="latency 288.908µs, throughput(ops/sec) 3461.298957269974"
time="2020-02-17T00:38:02-06:00" level=debug msg="latency 287.688µs, throughput(ops/sec) 3475.982239703175"
time="2020-02-17T00:38:02-06:00" level=debug msg="latency 287.684µs, throughput(ops/sec) 3476.034306615567"
time="2020-02-17T00:38:02-06:00" level=debug msg="latency 287.714µs, throughput(ops/sec) 3475.6685658553324"
time="2020-02-17T00:38:02-06:00" level=debug msg="latency 287.657µs, throughput(ops/sec) 3476.359653311191"
time="2020-02-17T00:38:12-06:00" level=debug msg="latency 285.838µs, throughput(ops/sec) 3498.478606623053"
time="2020-02-17T00:38:12-06:00" level=debug msg="latency 285.851µs, throughput(ops/sec) 3498.3140728642193"
time="2020-02-17T00:38:12-06:00" level=debug msg="latency 285.871µs, throughput(ops/sec) 3498.070397890728"
time="2020-02-17T00:38:12-06:00" level=debug msg="latency 285.822µs, throughput(ops/sec) 3498.6774532810146"
time="2020-02-17T00:38:22-06:00" level=debug msg="latency 283.67µs, throughput(ops/sec) 3525.2169730175333"
time="2020-02-17T00:38:22-06:00" level=debug msg="latency 283.665µs, throughput(ops/sec) 3525.275197334573"
time="2020-02-17T00:38:22-06:00" level=debug msg="latency 283.688µs, throughput(ops/sec) 3524.997019077531"
time="2020-02-17T00:38:22-06:00" level=debug msg="latency 283.625µs, throughput(ops/sec) 3525.771266300866"
time="2020-02-17T00:38:32-06:00" level=debug msg="latency 282.238µs, throughput(ops/sec) 3543.1012610860694"
time="2020-02-17T00:38:32-06:00" level=debug msg="latency 282.215µs, throughput(ops/sec) 3543.3910774426186"
time="2020-02-17T00:38:32-06:00" level=debug msg="latency 282.228µs, throughput(ops/sec) 3543.226405543221"
time="2020-02-17T00:38:32-06:00" level=debug msg="latency 282.173µs, throughput(ops/sec) 3543.9164163122655"
time="2020-02-17T00:38:42-06:00" level=debug msg="latency 280.874µs, throughput(ops/sec) 3560.309619716454"
time="2020-02-17T00:38:42-06:00" level=debug msg="latency 280.904µs, throughput(ops/sec) 3559.92733344124"
time="2020-02-17T00:38:42-06:00" level=debug msg="latency 280.887µs, throughput(ops/sec) 3560.142358030348"
time="2020-02-17T00:38:42-06:00" level=debug msg="latency 280.843µs, throughput(ops/sec) 3560.6991504269845"
time="2020-02-17T00:38:52-06:00" level=debug msg="latency 280.072µs, throughput(ops/sec) 3570.5050864474356"
time="2020-02-17T00:38:52-06:00" level=debug msg="latency 280.035µs, throughput(ops/sec) 3570.9800588941057"
time="2020-02-17T00:38:52-06:00" level=debug msg="latency 280.063µs, throughput(ops/sec) 3570.61575139877"
time="2020-02-17T00:38:52-06:00" level=debug msg="latency 280.004µs, throughput(ops/sec) 3571.3757355571693"
time="2020-02-17T00:39:02-06:00" level=debug msg="latency 279.31µs, throughput(ops/sec) 3580.240500503358"
time="2020-02-17T00:39:02-06:00" level=debug msg="latency 279.346µs, throughput(ops/sec) 3579.787735118625"
time="2020-02-17T00:39:02-06:00" level=debug msg="latency 279.331µs, throughput(ops/sec) 3579.9742513888646"
time="2020-02-17T00:39:02-06:00" level=debug msg="latency 279.283µs, throughput(ops/sec) 3580.5940921854913"
time="2020-02-17T00:39:12-06:00" level=debug msg="latency 278.602µs, throughput(ops/sec) 3589.3446249655135"
time="2020-02-17T00:39:12-06:00" level=debug msg="latency 278.566µs, throughput(ops/sec) 3589.802062443329"
time="2020-02-17T00:39:12-06:00" level=debug msg="latency 278.584µs, throughput(ops/sec) 3589.5714233151366"
time="2020-02-17T00:39:12-06:00" level=debug msg="latency 278.547µs, throughput(ops/sec) 3590.0504213059467"
time="2020-02-17T00:39:22-06:00" level=debug msg="latency 278.064µs, throughput(ops/sec) 3596.2843562724474"
time="2020-02-17T00:39:22-06:00" level=info msg="latency 278.064µs, throughput(ops/sec) 3596.2843562724474"
time="2020-02-17T00:39:22-06:00" level=debug msg="latency 278.084µs, throughput(ops/sec) 3596.0357059997527"
time="2020-02-17T00:39:22-06:00" level=info msg="latency 278.084µs, throughput(ops/sec) 3596.035584862494"
time="2020-02-17T00:39:22-06:00" level=debug msg="latency 278.075µs, throughput(ops/sec) 3596.143617088827"
time="2020-02-17T00:39:22-06:00" level=info msg="latency 278.075µs, throughput(ops/sec) 3596.1432750024064"
time="2020-02-17T00:39:22-06:00" level=debug msg="latency 278.029µs, throughput(ops/sec) 3596.7467522802044"
time="2020-02-17T00:39:22-06:00" level=info msg="latency 278.029µs, throughput(ops/sec) 3596.746695618003"

=== DONE EXP3 READ TEST    ===


==============================
=== EXP3 READ/WRITE TEST   ===
==============================

spawning client 1
spawning client 2
spawning client 3
spawning client 4
time="2020-02-17T00:39:23-06:00" level=info msg="trying to connect to server at 10.10.1.2:10000"
time="2020-02-17T00:39:23-06:00" level=info msg="trying to connect to server at 10.10.1.2:10000"
time="2020-02-17T00:39:23-06:00" level=info msg="trying to connect to server at 10.10.1.2:10000"
time="2020-02-17T00:39:23-06:00" level=info msg="connected to 10.10.1.2:10000"
time="2020-02-17T00:39:23-06:00" level=debug msg=getAveRWLatency
time="2020-02-17T00:39:23-06:00" level=info msg="connected to 10.10.1.2:10000"
time="2020-02-17T00:39:23-06:00" level=debug msg=getAveRWLatency
time="2020-02-17T00:39:23-06:00" level=info msg="connected to 10.10.1.2:10000"
time="2020-02-17T00:39:23-06:00" level=debug msg=getAveRWLatency
time="2020-02-17T00:39:23-06:00" level=info msg="trying to connect to server at 10.10.1.2:10000"
time="2020-02-17T00:39:23-06:00" level=info msg="connected to 10.10.1.2:10000"
time="2020-02-17T00:39:23-06:00" level=debug msg=getAveRWLatency
time="2020-02-17T00:39:33-06:00" level=debug msg="readLatency 413.727µs, writeLatency 18.143424ms, throughput(ops/sec) 106.51163391800782"
time="2020-02-17T00:39:33-06:00" level=debug msg="readLatency 418.21µs, writeLatency 18.104075ms, throughput(ops/sec) 106.71526000660327"
time="2020-02-17T00:39:33-06:00" level=debug msg="readLatency 420.287µs, writeLatency 18.106011ms, throughput(ops/sec) 106.69242421271822"
time="2020-02-17T00:39:33-06:00" level=debug msg="readLatency 415.628µs, writeLatency 18.139752ms, throughput(ops/sec) 106.52207669673275"
time="2020-02-17T00:39:43-06:00" level=debug msg="readLatency 402.613µs, writeLatency 17.992169ms, throughput(ops/sec) 109.50427640957771"
time="2020-02-17T00:39:43-06:00" level=debug msg="readLatency 414.682µs, writeLatency 17.961727ms, throughput(ops/sec) 109.70897809240658"
time="2020-02-17T00:39:43-06:00" level=debug msg="readLatency 413.289µs, writeLatency 17.967284ms, throughput(ops/sec) 109.68427178044195"
time="2020-02-17T00:39:43-06:00" level=debug msg="readLatency 401.296µs, writeLatency 17.99366ms, throughput(ops/sec) 109.5033581618277"
time="2020-02-17T00:39:53-06:00" level=debug msg="readLatency 405.166µs, writeLatency 18.363624ms, throughput(ops/sec) 108.01924014912156"
time="2020-02-17T00:39:53-06:00" level=debug msg="readLatency 416.297µs, writeLatency 18.351963ms, throughput(ops/sec) 108.02045406106376"
time="2020-02-17T00:39:53-06:00" level=debug msg="readLatency 415.378µs, writeLatency 18.355887ms, throughput(ops/sec) 108.00332729696771"
time="2020-02-17T00:39:53-06:00" level=debug msg="readLatency 402.957µs, writeLatency 18.366443ms, throughput(ops/sec) 108.01609527900055"
time="2020-02-17T00:40:03-06:00" level=debug msg="readLatency 407.29µs, writeLatency 18.255401ms, throughput(ops/sec) 109.03688984233105"
time="2020-02-17T00:40:03-06:00" level=debug msg="readLatency 418.695µs, writeLatency 18.242815ms, throughput(ops/sec) 109.04135556486469"
time="2020-02-17T00:40:03-06:00" level=debug msg="readLatency 416.97µs, writeLatency 18.246457ms, throughput(ops/sec) 109.0305319909276"
time="2020-02-17T00:40:03-06:00" level=debug msg="readLatency 406.62µs, writeLatency 18.254268ms, throughput(ops/sec) 109.04755590329847"
time="2020-02-17T00:40:13-06:00" level=debug msg="readLatency 408.721µs, writeLatency 18.502338ms, throughput(ops/sec) 107.78097972230746"
time="2020-02-17T00:40:13-06:00" level=debug msg="readLatency 418.295µs, writeLatency 18.490783ms, throughput(ops/sec) 107.79007729337226"
time="2020-02-17T00:40:13-06:00" level=debug msg="readLatency 419.596µs, writeLatency 18.49208ms, throughput(ops/sec) 107.77499175720013"
time="2020-02-17T00:40:13-06:00" level=debug msg="readLatency 409.159µs, writeLatency 18.500547ms, throughput(ops/sec) 107.78858394943578"
time="2020-02-17T00:40:23-06:00" level=debug msg="readLatency 410.282µs, writeLatency 18.508849ms, throughput(ops/sec) 107.39842614814371"
time="2020-02-17T00:40:23-06:00" level=debug msg="readLatency 417.303µs, writeLatency 18.512592ms, throughput(ops/sec) 107.36951791848476"
time="2020-02-17T00:40:23-06:00" level=debug msg="readLatency 420.539µs, writeLatency 18.499703ms, throughput(ops/sec) 107.39018451014255"
time="2020-02-17T00:40:23-06:00" level=debug msg="readLatency 409.306µs, writeLatency 18.515039ms, throughput(ops/sec) 107.38577993830714"
time="2020-02-17T00:40:33-06:00" level=debug msg="readLatency 411.858µs, writeLatency 18.615449ms, throughput(ops/sec) 105.98704963167533"
time="2020-02-17T00:40:33-06:00" level=debug msg="readLatency 415.161µs, writeLatency 18.621385ms, throughput(ops/sec) 105.9635525232591"
time="2020-02-17T00:40:33-06:00" level=debug msg="readLatency 420.695µs, writeLatency 18.607471ms, throughput(ops/sec) 105.98140942555955"
time="2020-02-17T00:40:33-06:00" level=debug msg="readLatency 409.493µs, writeLatency 18.621961ms, throughput(ops/sec) 105.97832078838387"
time="2020-02-17T00:40:43-06:00" level=debug msg="readLatency 412.325µs, writeLatency 18.626556ms, throughput(ops/sec) 105.5585873439111"
time="2020-02-17T00:40:43-06:00" level=debug msg="readLatency 413.112µs, writeLatency 18.634021ms, throughput(ops/sec) 105.5009195876883"
time="2020-02-17T00:40:43-06:00" level=debug msg="readLatency 421.363µs, writeLatency 18.619027ms, throughput(ops/sec) 105.54971512316695"
time="2020-02-17T00:40:43-06:00" level=debug msg="readLatency 407.357µs, writeLatency 18.635211ms, throughput(ops/sec) 105.51423671590489"
time="2020-02-17T00:40:53-06:00" level=debug msg="readLatency 412.918µs, writeLatency 18.74702ms, throughput(ops/sec) 104.37365936200463"
time="2020-02-17T00:40:53-06:00" level=debug msg="readLatency 411.08µs, writeLatency 18.756561ms, throughput(ops/sec) 104.34251779686859"
time="2020-02-17T00:40:53-06:00" level=debug msg="readLatency 422.283µs, writeLatency 18.739635ms, throughput(ops/sec) 104.36288526881441"
time="2020-02-17T00:40:53-06:00" level=debug msg="readLatency 406.646µs, writeLatency 18.756905ms, throughput(ops/sec) 104.35397570121853"
time="2020-02-17T00:41:03-06:00" level=debug msg="readLatency 413.116µs, writeLatency 18.777186ms, throughput(ops/sec) 104.56939397743855"
time="2020-02-17T00:41:03-06:00" level=debug msg="readLatency 409.708µs, writeLatency 18.788183ms, throughput(ops/sec) 104.52832736468594"
time="2020-02-17T00:41:03-06:00" level=debug msg="readLatency 423.017µs, writeLatency 18.76953ms, throughput(ops/sec) 104.5567827225977"
time="2020-02-17T00:41:03-06:00" level=debug msg="readLatency 406.387µs, writeLatency 18.792579ms, throughput(ops/sec) 104.53226108410608"
time="2020-02-17T00:41:13-06:00" level=debug msg="readLatency 413.028µs, writeLatency 18.908331ms, throughput(ops/sec) 104.14012864364956"
time="2020-02-17T00:41:13-06:00" level=debug msg="readLatency 407.813µs, writeLatency 18.924077ms, throughput(ops/sec) 104.07526088469908"
time="2020-02-17T00:41:13-06:00" level=debug msg="readLatency 422.004µs, writeLatency 18.901416ms, throughput(ops/sec) 104.12840907338511"
time="2020-02-17T00:41:13-06:00" level=debug msg="readLatency 405.855µs, writeLatency 18.922829ms, throughput(ops/sec) 104.09254054938499"
time="2020-02-17T00:41:23-06:00" level=debug msg="readLatency 414.639µs, writeLatency 18.927789ms, throughput(ops/sec) 104.08837935660638"
time="2020-02-17T00:41:23-06:00" level=debug msg="readLatency 408.863µs, writeLatency 18.947039ms, throughput(ops/sec) 104.04114572623456"
time="2020-02-17T00:41:23-06:00" level=debug msg="readLatency 421.861µs, writeLatency 18.922845ms, throughput(ops/sec) 104.07558609446583"
time="2020-02-17T00:41:23-06:00" level=debug msg="readLatency 407.431µs, writeLatency 18.942262ms, throughput(ops/sec) 104.05818096808616"
time="2020-02-17T00:41:33-06:00" level=debug msg="readLatency 415.502µs, writeLatency 18.955037ms, throughput(ops/sec) 104.27428207150308"
time="2020-02-17T00:41:33-06:00" level=debug msg="readLatency 408.635µs, writeLatency 18.977996ms, throughput(ops/sec) 104.18183147350094"
time="2020-02-17T00:41:33-06:00" level=debug msg="readLatency 421.588µs, writeLatency 18.954282ms, throughput(ops/sec) 104.25254972490903"
time="2020-02-17T00:41:33-06:00" level=debug msg="readLatency 407.331µs, writeLatency 18.973326ms, throughput(ops/sec) 104.22125111673284"
time="2020-02-17T00:41:43-06:00" level=debug msg="readLatency 416.275µs, writeLatency 18.982967ms, throughput(ops/sec) 104.33996281140821"
time="2020-02-17T00:41:43-06:00" level=debug msg="readLatency 408.691µs, writeLatency 19.005544ms, throughput(ops/sec) 104.27522029891585"
time="2020-02-17T00:41:43-06:00" level=debug msg="readLatency 419.935µs, writeLatency 18.986959ms, throughput(ops/sec) 104.29869512057296"
time="2020-02-17T00:41:43-06:00" level=debug msg="readLatency 406.865µs, writeLatency 19.004496ms, throughput(ops/sec) 104.29072453432258"
time="2020-02-17T00:41:53-06:00" level=debug msg="readLatency 417.41µs, writeLatency 18.978865ms, throughput(ops/sec) 104.33741207004621"
time="2020-02-17T00:41:53-06:00" level=debug msg="readLatency 408.2µs, writeLatency 19.001535ms, throughput(ops/sec) 104.28657767257852"
time="2020-02-17T00:41:53-06:00" level=debug msg="readLatency 418.819µs, writeLatency 18.98438ms, throughput(ops/sec) 104.30680871128332"
time="2020-02-17T00:41:53-06:00" level=debug msg="readLatency 406.69µs, writeLatency 19.00316ms, throughput(ops/sec) 104.2861685589636"
time="2020-02-17T00:42:03-06:00" level=debug msg="readLatency 418.437µs, writeLatency 18.97169ms, throughput(ops/sec) 103.92895891025005"
time="2020-02-17T00:42:03-06:00" level=debug msg="readLatency 408.591µs, writeLatency 18.994021ms, throughput(ops/sec) 103.88166483067637"
time="2020-02-17T00:42:03-06:00" level=debug msg="readLatency 417.959µs, writeLatency 18.978782ms, throughput(ops/sec) 103.90590985548003"
time="2020-02-17T00:42:03-06:00" level=debug msg="readLatency 406.286µs, writeLatency 18.996511ms, throughput(ops/sec) 103.88087203353153"
time="2020-02-17T00:42:13-06:00" level=debug msg="readLatency 419.501µs, writeLatency 18.992254ms, throughput(ops/sec) 103.78504539379813"
time="2020-02-17T00:42:13-06:00" level=debug msg="readLatency 408.264µs, writeLatency 19.015196ms, throughput(ops/sec) 103.71243090349734"
time="2020-02-17T00:42:13-06:00" level=debug msg="readLatency 417.192µs, writeLatency 19.000422ms, throughput(ops/sec) 103.75981915259013"
time="2020-02-17T00:42:13-06:00" level=debug msg="readLatency 406.108µs, writeLatency 19.017675ms, throughput(ops/sec) 103.71087769211303"
time="2020-02-17T00:42:23-06:00" level=debug msg="readLatency 420.409µs, writeLatency 19.027229ms, throughput(ops/sec) 103.60152625736204"
time="2020-02-17T00:42:23-06:00" level=debug msg="readLatency 407.935µs, writeLatency 19.050292ms, throughput(ops/sec) 103.55742068292055"
time="2020-02-17T00:42:23-06:00" level=debug msg="readLatency 416.134µs, writeLatency 19.034592ms, throughput(ops/sec) 103.59091887774858"
time="2020-02-17T00:42:23-06:00" level=debug msg="readLatency 406.671µs, writeLatency 19.05204ms, throughput(ops/sec) 103.55494762547211"
time="2020-02-17T00:42:23-06:00" level=info msg="readLatency 406.671µs, writeLatency 19.051763ms, throughput(ops/sec) 103.5509313043342"
time="2020-02-17T00:42:23-06:00" level=info msg="readLatency 416.134µs, writeLatency 19.034353ms, throughput(ops/sec) 103.58670659298436"
time="2020-02-17T00:42:23-06:00" level=info msg="readLatency 407.935µs, writeLatency 19.049997ms, throughput(ops/sec) 103.55349699301583"
time="2020-02-17T00:42:23-06:00" level=info msg="readLatency 420.409µs, writeLatency 19.027003ms, throughput(ops/sec) 103.59724690119322"

=== DONE EXP3 READ/WRITE   ===

